
**** Build of configuration Release for project blinky ****

"C:\\ti\\ccsv7\\utils\\bin\\gmake" -k all 
'Building file: ../main.c'
'Invoking: ARM Compiler'
"C:/ti/ccsv7/tools/compiler/ti-cgt-arm_16.9.0.LTS/bin/armcl" -mv7M4 --code_state=16 --float_support=fpalib --abi=eabi -me -Ooff --include_path="C:/ti/ccsv7/tools/compiler/ti-cgt-arm_16.9.0.LTS/include" --include_path="C:/ti/CC3200SDK_1.2.0/cc3200-sdk/example/common" --include_path="C:/ti/CC3200SDK_1.2.0/cc3200-sdk/driverlib" --include_path="C:/ti/CC3200SDK_1.2.0/cc3200-sdk/inc" -g --gcc --define=ccs --define=NON_NETWORK --define=cc3200 --diag_wrap=off --diag_warning=225 --display_error_number --preproc_with_compile --preproc_dependency="main.d"  "../main.c"
'Finished building: ../main.c'
' '
'Building file: ../pin_mux_config.c'
'Invoking: ARM Compiler'
"C:/ti/ccsv7/tools/compiler/ti-cgt-arm_16.9.0.LTS/bin/armcl" -mv7M4 --code_state=16 --float_support=fpalib --abi=eabi -me -Ooff --include_path="C:/ti/ccsv7/tools/compiler/ti-cgt-arm_16.9.0.LTS/include" --include_path="C:/ti/CC3200SDK_1.2.0/cc3200-sdk/example/common" --include_path="C:/ti/CC3200SDK_1.2.0/cc3200-sdk/driverlib" --include_path="C:/ti/CC3200SDK_1.2.0/cc3200-sdk/inc" -g --gcc --define=ccs --define=NON_NETWORK --define=cc3200 --diag_wrap=off --diag_warning=225 --display_error_number --preproc_with_compile --preproc_dependency="pin_mux_config.d"  "../pin_mux_config.c"
'Finished building: ../pin_mux_config.c'
' '
'Building file: ../pinmux.c'
'Invoking: ARM Compiler'
"C:/ti/ccsv7/tools/compiler/ti-cgt-arm_16.9.0.LTS/bin/armcl" -mv7M4 --code_state=16 --float_support=fpalib --abi=eabi -me -Ooff --include_path="C:/ti/ccsv7/tools/compiler/ti-cgt-arm_16.9.0.LTS/include" --include_path="C:/ti/CC3200SDK_1.2.0/cc3200-sdk/example/common" --include_path="C:/ti/CC3200SDK_1.2.0/cc3200-sdk/driverlib" --include_path="C:/ti/CC3200SDK_1.2.0/cc3200-sdk/inc" -g --gcc --define=ccs --define=NON_NETWORK --define=cc3200 --diag_wrap=off --diag_warning=225 --display_error_number --preproc_with_compile --preproc_dependency="pinmux.d"  "../pinmux.c"
'Finished building: ../pinmux.c'
' '
'Building file: C:/ti/CC3200SDK_1.3.0/cc3200-sdk/example/common/startup_ccs.c'
'Invoking: ARM Compiler'
"C:/ti/ccsv7/tools/compiler/ti-cgt-arm_16.9.0.LTS/bin/armcl" -mv7M4 --code_state=16 --float_support=fpalib --abi=eabi -me -Ooff --include_path="C:/ti/ccsv7/tools/compiler/ti-cgt-arm_16.9.0.LTS/include" --include_path="C:/ti/CC3200SDK_1.2.0/cc3200-sdk/example/common" --include_path="C:/ti/CC3200SDK_1.2.0/cc3200-sdk/driverlib" --include_path="C:/ti/CC3200SDK_1.2.0/cc3200-sdk/inc" -g --gcc --define=ccs --define=NON_NETWORK --define=cc3200 --diag_wrap=off --diag_warning=225 --display_error_number --preproc_with_compile --preproc_dependency="startup_ccs.d"  "C:/ti/CC3200SDK_1.3.0/cc3200-sdk/example/common/startup_ccs.c"
'Finished building: C:/ti/CC3200SDK_1.3.0/cc3200-sdk/example/common/startup_ccs.c'
' '
'Building file: ../timer_if.c'
'Invoking: ARM Compiler'
"C:/ti/ccsv7/tools/compiler/ti-cgt-arm_16.9.0.LTS/bin/armcl" -mv7M4 --code_state=16 --float_support=fpalib --abi=eabi -me -Ooff --include_path="C:/ti/ccsv7/tools/compiler/ti-cgt-arm_16.9.0.LTS/include" --include_path="C:/ti/CC3200SDK_1.2.0/cc3200-sdk/example/common" --include_path="C:/ti/CC3200SDK_1.2.0/cc3200-sdk/driverlib" --include_path="C:/ti/CC3200SDK_1.2.0/cc3200-sdk/inc" -g --gcc --define=ccs --define=NON_NETWORK --define=cc3200 --diag_wrap=off --diag_warning=225 --display_error_number --preproc_with_compile --preproc_dependency="timer_if.d"  "../timer_if.c"
'Finished building: ../timer_if.c'
' '
'Building file: ../uart_if.c'
'Invoking: ARM Compiler'
"C:/ti/ccsv7/tools/compiler/ti-cgt-arm_16.9.0.LTS/bin/armcl" -mv7M4 --code_state=16 --float_support=fpalib --abi=eabi -me -Ooff --include_path="C:/ti/ccsv7/tools/compiler/ti-cgt-arm_16.9.0.LTS/include" --include_path="C:/ti/CC3200SDK_1.2.0/cc3200-sdk/example/common" --include_path="C:/ti/CC3200SDK_1.2.0/cc3200-sdk/driverlib" --include_path="C:/ti/CC3200SDK_1.2.0/cc3200-sdk/inc" -g --gcc --define=ccs --define=NON_NETWORK --define=cc3200 --diag_wrap=off --diag_warning=225 --display_error_number --preproc_with_compile --preproc_dependency="uart_if.d"  "../uart_if.c"
'Finished building: ../uart_if.c'
' '
'Building target: blinky.out'
'Invoking: ARM Linker'
"C:/ti/ccsv7/tools/compiler/ti-cgt-arm_16.9.0.LTS/bin/armcl" -mv7M4 --code_state=16 --float_support=fpalib --abi=eabi -me -Ooff -g --gcc --define=ccs --define=NON_NETWORK --define=cc3200 --diag_wrap=off --diag_warning=225 --display_error_number -z -m"blinky.map" --heap_size=0x800 --stack_size=0x800 -i"C:/ti/ccsv7/tools/compiler/ti-cgt-arm_16.9.0.LTS/lib" -i"C:/ti/CC3200SDK_1.2.0/cc3200-sdk/driverlib/ccs/Release" -i"C:/ti/ccsv7/tools/compiler/ti-cgt-arm_16.9.0.LTS/include" --reread_libs --display_error_number --diag_wrap=off --warn_sections --xml_link_info="blinky_linkInfo.xml" --rom_model -o "blinky.out" "./main.obj" "./pin_mux_config.obj" "./pinmux.obj" "./startup_ccs.obj" "./timer_if.obj" "./uart_if.obj" "../cc3200v1p32.cmd"  -llibc.a -ldriverlib.a 
<Linking>
error #10056: symbol "PinMuxConfig" redefined: first defined in "./pin_mux_config.obj"; redefined in "./pinmux.obj"
error #10010: errors encountered during linking; "blinky.out" not built

>> Compilation failure
makefile:146: recipe for target 'blinky.out' failed
gmake: *** [blinky.out] Error 1
gmake: Target 'all' not remade because of errors.

**** Build Finished ****
