21:51:59 **** Clean-only build of configuration Release for project Lab5 ****
make clean 
Cannot run program "make": Launching failed

Error: Program "make" not found in PATH
PATH=[C:/ti/ccs1120/ccs/eclipse/jre/bin/client;C:/ti/ccs1120/ccs/eclipse/jre/bin;C:\Program Files (x86)\Common Files\Oracle\Java\javapath;C:\Windows\system32;C:\Windows;C:\Windows\System32\Wbem;C:\Windows\System32\WindowsPowerShell\v1.0\;C:\Windows\System32\OpenSSH\;C:\Program Files (x86)\NVIDIA Corporation\PhysX\Common;C:\Program Files (x86)\Pulse Secure\VC142.CRT\X64\;C:\Program Files (x86)\Pulse Secure\VC142.CRT\X86\;C:\Program Files\PuTTY\;C:\Users\jiawe\AppData\Local\Microsoft\WindowsApps;C:\ghcup\bin;C:\ti\ccs1120\ccs\eclipse]

**** Build of configuration Release for project Lab5 ****

Nothing to build for project Lab5

**** Clean-only build of configuration Release for project Lab5 ****

"C:\\ti\\ccs1120\\ccs\\utils\\bin\\gmake" -k clean 
 
DEL /F  "SSL_REST_API_AWS_W19.bin"  "SSL_REST_API_AWS_W19.out" 
DEL /F "gpio_if.obj" "main.obj" "network_common.obj" "pinmux.obj" "startup_ccs.obj" "uart_if.obj" 
DEL /F "gpio_if.d" "main.d" "network_common.d" "pinmux.d" "startup_ccs.d" "uart_if.d" 
Finished clean
 

**** Build Finished ****

**** Build of configuration Release for project Lab5 ****

"C:\\ti\\ccs1120\\ccs\\utils\\bin\\gmake" -k all 
 
Building file: "C:/ti/CC3200SDK_1.3.0/cc3200-sdk/example/common/gpio_if.c"
Invoking: ARM Compiler
"C:/ti/ccs1120/ccs/tools/compiler/ti-cgt-arm_20.2.5.LTS/bin/armcl" -mv7M4 --code_state=16 --float_support=vfplib -me -Ooff --include_path="C:/ti/ccs1120/ccs/tools/compiler/ti-cgt-arm_20.2.5.LTS/include" --include_path="C:/ti/CC3200SDK_1.3.0/cc3200-sdk/driverlib" --include_path="C:/ti/CC3200SDK_1.3.0/cc3200-sdk/inc" --include_path="C:/ti/CC3200SDK_1.3.0/cc3200-sdk/example/common" --include_path="C:/ti/CC3200SDK_1.3.0/cc3200-sdk/simplelink/" --include_path="C:/ti/CC3200SDK_1.3.0/cc3200-sdk/simplelink/source" --include_path="C:/ti/CC3200SDK_1.3.0/cc3200-sdk/simplelink/include" --include_path="C:/ti/CC3200SDK_1.3.0/cc3200-sdk/simplelink_extlib/provisioninglib" --define=ccs --define=cc3200 -g --gcc --printf_support=full --diag_warning=225 --diag_wrap=off --display_error_number --abi=eabi --preproc_with_compile --preproc_dependency="gpio_if.d_raw"  "C:/ti/CC3200SDK_1.3.0/cc3200-sdk/example/common/gpio_if.c"
Finished building: "C:/ti/CC3200SDK_1.3.0/cc3200-sdk/example/common/gpio_if.c"
 
Building file: "../main.c"
Invoking: ARM Compiler
"C:/ti/ccs1120/ccs/tools/compiler/ti-cgt-arm_20.2.5.LTS/bin/armcl" -mv7M4 --code_state=16 --float_support=vfplib -me -Ooff --include_path="C:/ti/ccs1120/ccs/tools/compiler/ti-cgt-arm_20.2.5.LTS/include" --include_path="C:/ti/CC3200SDK_1.3.0/cc3200-sdk/driverlib" --include_path="C:/ti/CC3200SDK_1.3.0/cc3200-sdk/inc" --include_path="C:/ti/CC3200SDK_1.3.0/cc3200-sdk/example/common" --include_path="C:/ti/CC3200SDK_1.3.0/cc3200-sdk/simplelink/" --include_path="C:/ti/CC3200SDK_1.3.0/cc3200-sdk/simplelink/source" --include_path="C:/ti/CC3200SDK_1.3.0/cc3200-sdk/simplelink/include" --include_path="C:/ti/CC3200SDK_1.3.0/cc3200-sdk/simplelink_extlib/provisioninglib" --define=ccs --define=cc3200 -g --gcc --printf_support=full --diag_warning=225 --diag_wrap=off --display_error_number --abi=eabi --preproc_with_compile --preproc_dependency="main.d_raw"  "../main.c"
"C:/ti/CC3200SDK_1.3.0/cc3200-sdk/simplelink/include/simplelink.h", line 447: warning #48-D: incompatible redefinition of macro "__CONCAT" (declared at line 183 of "C:/ti/ccs1120/ccs/tools/compiler/ti-cgt-arm_20.2.5.LTS/include/sys/cdefs.h")
Finished building: "../main.c"
 
Building file: "C:/ti/CC3200SDK_1.3.0/cc3200-sdk/example/common/network_common.c"
Invoking: ARM Compiler
"C:/ti/ccs1120/ccs/tools/compiler/ti-cgt-arm_20.2.5.LTS/bin/armcl" -mv7M4 --code_state=16 --float_support=vfplib -me -Ooff --include_path="C:/ti/ccs1120/ccs/tools/compiler/ti-cgt-arm_20.2.5.LTS/include" --include_path="C:/ti/CC3200SDK_1.3.0/cc3200-sdk/driverlib" --include_path="C:/ti/CC3200SDK_1.3.0/cc3200-sdk/inc" --include_path="C:/ti/CC3200SDK_1.3.0/cc3200-sdk/example/common" --include_path="C:/ti/CC3200SDK_1.3.0/cc3200-sdk/simplelink/" --include_path="C:/ti/CC3200SDK_1.3.0/cc3200-sdk/simplelink/source" --include_path="C:/ti/CC3200SDK_1.3.0/cc3200-sdk/simplelink/include" --include_path="C:/ti/CC3200SDK_1.3.0/cc3200-sdk/simplelink_extlib/provisioninglib" --define=ccs --define=cc3200 -g --gcc --printf_support=full --diag_warning=225 --diag_wrap=off --display_error_number --abi=eabi --preproc_with_compile --preproc_dependency="network_common.d_raw"  "C:/ti/CC3200SDK_1.3.0/cc3200-sdk/example/common/network_common.c"
"C:/ti/CC3200SDK_1.3.0/cc3200-sdk/simplelink/include/simplelink.h", line 447: warning #48-D: incompatible redefinition of macro "__CONCAT" (declared at line 183 of "C:/ti/ccs1120/ccs/tools/compiler/ti-cgt-arm_20.2.5.LTS/include/sys/cdefs.h")
Finished building: "C:/ti/CC3200SDK_1.3.0/cc3200-sdk/example/common/network_common.c"
 
Building file: "../pinmux.c"
Invoking: ARM Compiler
"C:/ti/ccs1120/ccs/tools/compiler/ti-cgt-arm_20.2.5.LTS/bin/armcl" -mv7M4 --code_state=16 --float_support=vfplib -me -Ooff --include_path="C:/ti/ccs1120/ccs/tools/compiler/ti-cgt-arm_20.2.5.LTS/include" --include_path="C:/ti/CC3200SDK_1.3.0/cc3200-sdk/driverlib" --include_path="C:/ti/CC3200SDK_1.3.0/cc3200-sdk/inc" --include_path="C:/ti/CC3200SDK_1.3.0/cc3200-sdk/example/common" --include_path="C:/ti/CC3200SDK_1.3.0/cc3200-sdk/simplelink/" --include_path="C:/ti/CC3200SDK_1.3.0/cc3200-sdk/simplelink/source" --include_path="C:/ti/CC3200SDK_1.3.0/cc3200-sdk/simplelink/include" --include_path="C:/ti/CC3200SDK_1.3.0/cc3200-sdk/simplelink_extlib/provisioninglib" --define=ccs --define=cc3200 -g --gcc --printf_support=full --diag_warning=225 --diag_wrap=off --display_error_number --abi=eabi --preproc_with_compile --preproc_dependency="pinmux.d_raw"  "../pinmux.c"
Finished building: "../pinmux.c"
 
Building file: "C:/ti/CC3200SDK_1.3.0/cc3200-sdk/example/common/startup_ccs.c"
Invoking: ARM Compiler
"C:/ti/ccs1120/ccs/tools/compiler/ti-cgt-arm_20.2.5.LTS/bin/armcl" -mv7M4 --code_state=16 --float_support=vfplib -me -Ooff --include_path="C:/ti/ccs1120/ccs/tools/compiler/ti-cgt-arm_20.2.5.LTS/include" --include_path="C:/ti/CC3200SDK_1.3.0/cc3200-sdk/driverlib" --include_path="C:/ti/CC3200SDK_1.3.0/cc3200-sdk/inc" --include_path="C:/ti/CC3200SDK_1.3.0/cc3200-sdk/example/common" --include_path="C:/ti/CC3200SDK_1.3.0/cc3200-sdk/simplelink/" --include_path="C:/ti/CC3200SDK_1.3.0/cc3200-sdk/simplelink/source" --include_path="C:/ti/CC3200SDK_1.3.0/cc3200-sdk/simplelink/include" --include_path="C:/ti/CC3200SDK_1.3.0/cc3200-sdk/simplelink_extlib/provisioninglib" --define=ccs --define=cc3200 -g --gcc --printf_support=full --diag_warning=225 --diag_wrap=off --display_error_number --abi=eabi --preproc_with_compile --preproc_dependency="startup_ccs.d_raw"  "C:/ti/CC3200SDK_1.3.0/cc3200-sdk/example/common/startup_ccs.c"
Finished building: "C:/ti/CC3200SDK_1.3.0/cc3200-sdk/example/common/startup_ccs.c"
 
Building file: "../uart_if.c"
Invoking: ARM Compiler
"C:/ti/ccs1120/ccs/tools/compiler/ti-cgt-arm_20.2.5.LTS/bin/armcl" -mv7M4 --code_state=16 --float_support=vfplib -me -Ooff --include_path="C:/ti/ccs1120/ccs/tools/compiler/ti-cgt-arm_20.2.5.LTS/include" --include_path="C:/ti/CC3200SDK_1.3.0/cc3200-sdk/driverlib" --include_path="C:/ti/CC3200SDK_1.3.0/cc3200-sdk/inc" --include_path="C:/ti/CC3200SDK_1.3.0/cc3200-sdk/example/common" --include_path="C:/ti/CC3200SDK_1.3.0/cc3200-sdk/simplelink/" --include_path="C:/ti/CC3200SDK_1.3.0/cc3200-sdk/simplelink/source" --include_path="C:/ti/CC3200SDK_1.3.0/cc3200-sdk/simplelink/include" --include_path="C:/ti/CC3200SDK_1.3.0/cc3200-sdk/simplelink_extlib/provisioninglib" --define=ccs --define=cc3200 -g --gcc --printf_support=full --diag_warning=225 --diag_wrap=off --display_error_number --abi=eabi --preproc_with_compile --preproc_dependency="uart_if.d_raw"  "../uart_if.c"
Finished building: "../uart_if.c"
 
Building target: "Lab5.out"
Invoking: ARM Linker
"C:/ti/ccs1120/ccs/tools/compiler/ti-cgt-arm_20.2.5.LTS/bin/armcl" -mv7M4 --code_state=16 --float_support=vfplib -me -Ooff --define=ccs --define=cc3200 -g --gcc --printf_support=full --diag_warning=225 --diag_wrap=off --display_error_number --abi=eabi -z -m"Lab5.map" --heap_size=0x00008000 --stack_size=0x00001000 -i"C:/ti/ccs1120/ccs/tools/compiler/ti-cgt-arm_20.2.5.LTS/lib" -i"C:/ti/ccs1120/ccs/tools/compiler/ti-cgt-arm_20.2.5.LTS/include" --reread_libs --diag_wrap=off --display_error_number --warn_sections --xml_link_info="Lab5_linkInfo.xml" --rom_model -o "Lab5.out" "./gpio_if.obj" "./main.obj" "./network_common.obj" "./pinmux.obj" "./startup_ccs.obj" "./uart_if.obj" "../cc3200v1p32.cmd"  -llibc.a -l"C:/ti/CC3200SDK_1.3.0/cc3200-sdk/driverlib/ccs/Release/driverlib.a" -l"C:/ti/CC3200SDK_1.3.0/cc3200-sdk/simplelink/ccs/NON_OS/simplelink.a" 
<Linking>
Finished building target: "Lab5.out"
 
Bin Generation
"C:/ti/ccs1120/ccs/utils/tiobj2bin/tiobj2bin" "Lab5.out" "Lab5.bin" "C:/ti/ccs1120/ccs/tools/compiler/ti-cgt-arm_20.2.5.LTS/bin/armofd" "C:/ti/ccs1120/ccs/tools/compiler/ti-cgt-arm_20.2.5.LTS/bin/armhex" "C:/ti/ccs1120/ccs/utils/tiobj2bin/mkhex4bin"
 

**** Build Finished ****

**** Build of configuration Release for project Lab5 ****

"C:\\ti\\ccs1120\\ccs\\utils\\bin\\gmake" -k all 
 
Building file: "../Adafruit_GFX.c"
Invoking: ARM Compiler
"C:/ti/ccs1120/ccs/tools/compiler/ti-cgt-arm_20.2.5.LTS/bin/armcl" -mv7M4 --code_state=16 --float_support=vfplib -me -Ooff --include_path="C:/ti/ccs1120/ccs/tools/compiler/ti-cgt-arm_20.2.5.LTS/include" --include_path="C:/ti/CC3200SDK_1.3.0/cc3200-sdk/driverlib" --include_path="C:/ti/CC3200SDK_1.3.0/cc3200-sdk/inc" --include_path="C:/ti/CC3200SDK_1.3.0/cc3200-sdk/example/common" --include_path="C:/ti/CC3200SDK_1.3.0/cc3200-sdk/simplelink/" --include_path="C:/ti/CC3200SDK_1.3.0/cc3200-sdk/simplelink/source" --include_path="C:/ti/CC3200SDK_1.3.0/cc3200-sdk/simplelink/include" --include_path="C:/ti/CC3200SDK_1.3.0/cc3200-sdk/simplelink_extlib/provisioninglib" --define=ccs --define=cc3200 -g --gcc --printf_support=full --diag_warning=225 --diag_wrap=off --display_error_number --abi=eabi --preproc_with_compile --preproc_dependency="Adafruit_GFX.d_raw"  "../Adafruit_GFX.c"
Finished building: "../Adafruit_GFX.c"
 
Building file: "../Adafruit_OLED.c"
Invoking: ARM Compiler
"C:/ti/ccs1120/ccs/tools/compiler/ti-cgt-arm_20.2.5.LTS/bin/armcl" -mv7M4 --code_state=16 --float_support=vfplib -me -Ooff --include_path="C:/ti/ccs1120/ccs/tools/compiler/ti-cgt-arm_20.2.5.LTS/include" --include_path="C:/ti/CC3200SDK_1.3.0/cc3200-sdk/driverlib" --include_path="C:/ti/CC3200SDK_1.3.0/cc3200-sdk/inc" --include_path="C:/ti/CC3200SDK_1.3.0/cc3200-sdk/example/common" --include_path="C:/ti/CC3200SDK_1.3.0/cc3200-sdk/simplelink/" --include_path="C:/ti/CC3200SDK_1.3.0/cc3200-sdk/simplelink/source" --include_path="C:/ti/CC3200SDK_1.3.0/cc3200-sdk/simplelink/include" --include_path="C:/ti/CC3200SDK_1.3.0/cc3200-sdk/simplelink_extlib/provisioninglib" --define=ccs --define=cc3200 -g --gcc --printf_support=full --diag_warning=225 --diag_wrap=off --display_error_number --abi=eabi --preproc_with_compile --preproc_dependency="Adafruit_OLED.d_raw"  "../Adafruit_OLED.c"
Finished building: "../Adafruit_OLED.c"
 
Building file: "../main.c"
Invoking: ARM Compiler
"C:/ti/ccs1120/ccs/tools/compiler/ti-cgt-arm_20.2.5.LTS/bin/armcl" -mv7M4 --code_state=16 --float_support=vfplib -me -Ooff --include_path="C:/ti/ccs1120/ccs/tools/compiler/ti-cgt-arm_20.2.5.LTS/include" --include_path="C:/ti/CC3200SDK_1.3.0/cc3200-sdk/driverlib" --include_path="C:/ti/CC3200SDK_1.3.0/cc3200-sdk/inc" --include_path="C:/ti/CC3200SDK_1.3.0/cc3200-sdk/example/common" --include_path="C:/ti/CC3200SDK_1.3.0/cc3200-sdk/simplelink/" --include_path="C:/ti/CC3200SDK_1.3.0/cc3200-sdk/simplelink/source" --include_path="C:/ti/CC3200SDK_1.3.0/cc3200-sdk/simplelink/include" --include_path="C:/ti/CC3200SDK_1.3.0/cc3200-sdk/simplelink_extlib/provisioninglib" --define=ccs --define=cc3200 -g --gcc --printf_support=full --diag_warning=225 --diag_wrap=off --display_error_number --abi=eabi --preproc_with_compile --preproc_dependency="main.d_raw"  "../main.c"
"C:/ti/CC3200SDK_1.3.0/cc3200-sdk/simplelink/include/simplelink.h", line 447: warning #48-D: incompatible redefinition of macro "__CONCAT" (declared at line 183 of "C:/ti/ccs1120/ccs/tools/compiler/ti-cgt-arm_20.2.5.LTS/include/sys/cdefs.h")
Finished building: "../main.c"
 
Building file: "../pinmux.c"
Invoking: ARM Compiler
"C:/ti/ccs1120/ccs/tools/compiler/ti-cgt-arm_20.2.5.LTS/bin/armcl" -mv7M4 --code_state=16 --float_support=vfplib -me -Ooff --include_path="C:/ti/ccs1120/ccs/tools/compiler/ti-cgt-arm_20.2.5.LTS/include" --include_path="C:/ti/CC3200SDK_1.3.0/cc3200-sdk/driverlib" --include_path="C:/ti/CC3200SDK_1.3.0/cc3200-sdk/inc" --include_path="C:/ti/CC3200SDK_1.3.0/cc3200-sdk/example/common" --include_path="C:/ti/CC3200SDK_1.3.0/cc3200-sdk/simplelink/" --include_path="C:/ti/CC3200SDK_1.3.0/cc3200-sdk/simplelink/source" --include_path="C:/ti/CC3200SDK_1.3.0/cc3200-sdk/simplelink/include" --include_path="C:/ti/CC3200SDK_1.3.0/cc3200-sdk/simplelink_extlib/provisioninglib" --define=ccs --define=cc3200 -g --gcc --printf_support=full --diag_warning=225 --diag_wrap=off --display_error_number --abi=eabi --preproc_with_compile --preproc_dependency="pinmux.d_raw"  "../pinmux.c"
Finished building: "../pinmux.c"
 
Building file: "../test.c"
Invoking: ARM Compiler
"C:/ti/ccs1120/ccs/tools/compiler/ti-cgt-arm_20.2.5.LTS/bin/armcl" -mv7M4 --code_state=16 --float_support=vfplib -me -Ooff --include_path="C:/ti/ccs1120/ccs/tools/compiler/ti-cgt-arm_20.2.5.LTS/include" --include_path="C:/ti/CC3200SDK_1.3.0/cc3200-sdk/driverlib" --include_path="C:/ti/CC3200SDK_1.3.0/cc3200-sdk/inc" --include_path="C:/ti/CC3200SDK_1.3.0/cc3200-sdk/example/common" --include_path="C:/ti/CC3200SDK_1.3.0/cc3200-sdk/simplelink/" --include_path="C:/ti/CC3200SDK_1.3.0/cc3200-sdk/simplelink/source" --include_path="C:/ti/CC3200SDK_1.3.0/cc3200-sdk/simplelink/include" --include_path="C:/ti/CC3200SDK_1.3.0/cc3200-sdk/simplelink_extlib/provisioninglib" --define=ccs --define=cc3200 -g --gcc --printf_support=full --diag_warning=225 --diag_wrap=off --display_error_number --abi=eabi --preproc_with_compile --preproc_dependency="test.d_raw"  "../test.c"
Finished building: "../test.c"
 
Building file: "../timer_if.c"
Invoking: ARM Compiler
"C:/ti/ccs1120/ccs/tools/compiler/ti-cgt-arm_20.2.5.LTS/bin/armcl" -mv7M4 --code_state=16 --float_support=vfplib -me -Ooff --include_path="C:/ti/ccs1120/ccs/tools/compiler/ti-cgt-arm_20.2.5.LTS/include" --include_path="C:/ti/CC3200SDK_1.3.0/cc3200-sdk/driverlib" --include_path="C:/ti/CC3200SDK_1.3.0/cc3200-sdk/inc" --include_path="C:/ti/CC3200SDK_1.3.0/cc3200-sdk/example/common" --include_path="C:/ti/CC3200SDK_1.3.0/cc3200-sdk/simplelink/" --include_path="C:/ti/CC3200SDK_1.3.0/cc3200-sdk/simplelink/source" --include_path="C:/ti/CC3200SDK_1.3.0/cc3200-sdk/simplelink/include" --include_path="C:/ti/CC3200SDK_1.3.0/cc3200-sdk/simplelink_extlib/provisioninglib" --define=ccs --define=cc3200 -g --gcc --printf_support=full --diag_warning=225 --diag_wrap=off --display_error_number --abi=eabi --preproc_with_compile --preproc_dependency="timer_if.d_raw"  "../timer_if.c"
Finished building: "../timer_if.c"
 
Building file: "../uart_if.c"
Invoking: ARM Compiler
"C:/ti/ccs1120/ccs/tools/compiler/ti-cgt-arm_20.2.5.LTS/bin/armcl" -mv7M4 --code_state=16 --float_support=vfplib -me -Ooff --include_path="C:/ti/ccs1120/ccs/tools/compiler/ti-cgt-arm_20.2.5.LTS/include" --include_path="C:/ti/CC3200SDK_1.3.0/cc3200-sdk/driverlib" --include_path="C:/ti/CC3200SDK_1.3.0/cc3200-sdk/inc" --include_path="C:/ti/CC3200SDK_1.3.0/cc3200-sdk/example/common" --include_path="C:/ti/CC3200SDK_1.3.0/cc3200-sdk/simplelink/" --include_path="C:/ti/CC3200SDK_1.3.0/cc3200-sdk/simplelink/source" --include_path="C:/ti/CC3200SDK_1.3.0/cc3200-sdk/simplelink/include" --include_path="C:/ti/CC3200SDK_1.3.0/cc3200-sdk/simplelink_extlib/provisioninglib" --define=ccs --define=cc3200 -g --gcc --printf_support=full --diag_warning=225 --diag_wrap=off --display_error_number --abi=eabi --preproc_with_compile --preproc_dependency="uart_if.d_raw"  "../uart_if.c"
Finished building: "../uart_if.c"
 
Building target: "Lab5.out"
Invoking: ARM Linker
"C:/ti/ccs1120/ccs/tools/compiler/ti-cgt-arm_20.2.5.LTS/bin/armcl" -mv7M4 --code_state=16 --float_support=vfplib -me -Ooff --define=ccs --define=cc3200 -g --gcc --printf_support=full --diag_warning=225 --diag_wrap=off --display_error_number --abi=eabi -z -m"Lab5.map" --heap_size=0x00008000 --stack_size=0x00001000 -i"C:/ti/ccs1120/ccs/tools/compiler/ti-cgt-arm_20.2.5.LTS/lib" -i"C:/ti/ccs1120/ccs/tools/compiler/ti-cgt-arm_20.2.5.LTS/include" --reread_libs --diag_wrap=off --display_error_number --warn_sections --xml_link_info="Lab5_linkInfo.xml" --rom_model -o "Lab5.out" "./Adafruit_GFX.obj" "./Adafruit_OLED.obj" "./gpio_if.obj" "./main.obj" "./network_common.obj" "./pinmux.obj" "./startup_ccs.obj" "./test.obj" "./timer_if.obj" "./uart_if.obj" "../cc3200v1p32.cmd"  -llibc.a -l"C:/ti/CC3200SDK_1.3.0/cc3200-sdk/driverlib/ccs/Release/driverlib.a" -l"C:/ti/CC3200SDK_1.3.0/cc3200-sdk/simplelink/ccs/NON_OS/simplelink.a" 
<Linking>
Finished building target: "Lab5.out"
 
Bin Generation
"C:/ti/ccs1120/ccs/utils/tiobj2bin/tiobj2bin" "Lab5.out" "Lab5.bin" "C:/ti/ccs1120/ccs/tools/compiler/ti-cgt-arm_20.2.5.LTS/bin/armofd" "C:/ti/ccs1120/ccs/tools/compiler/ti-cgt-arm_20.2.5.LTS/bin/armhex" "C:/ti/ccs1120/ccs/utils/tiobj2bin/mkhex4bin"
 

**** Build Finished ****

**** Build of configuration Release for project Lab5 ****

"C:\\ti\\ccs1120\\ccs\\utils\\bin\\gmake" -k all 
 
gmake: Nothing to be done for 'all'.

**** Build Finished ****

**** Build of configuration Release for project Lab5 ****

"C:\\ti\\ccs1120\\ccs\\utils\\bin\\gmake" -k all 
 
gmake: Nothing to be done for 'all'.

**** Build Finished ****

**** Build of configuration Release for project Lab5 ****

"C:\\ti\\ccs1120\\ccs\\utils\\bin\\gmake" -k all 
 
Building file: "../main.c"
Invoking: ARM Compiler
"C:/ti/ccs1120/ccs/tools/compiler/ti-cgt-arm_20.2.5.LTS/bin/armcl" -mv7M4 --code_state=16 --float_support=vfplib -me -Ooff --include_path="C:/ti/ccs1120/ccs/tools/compiler/ti-cgt-arm_20.2.5.LTS/include" --include_path="C:/ti/CC3200SDK_1.3.0/cc3200-sdk/driverlib" --include_path="C:/ti/CC3200SDK_1.3.0/cc3200-sdk/inc" --include_path="C:/ti/CC3200SDK_1.3.0/cc3200-sdk/example/common" --include_path="C:/ti/CC3200SDK_1.3.0/cc3200-sdk/simplelink/" --include_path="C:/ti/CC3200SDK_1.3.0/cc3200-sdk/simplelink/source" --include_path="C:/ti/CC3200SDK_1.3.0/cc3200-sdk/simplelink/include" --include_path="C:/ti/CC3200SDK_1.3.0/cc3200-sdk/simplelink_extlib/provisioninglib" --define=ccs --define=cc3200 -g --gcc --printf_support=full --diag_warning=225 --diag_wrap=off --display_error_number --abi=eabi --preproc_with_compile --preproc_dependency="main.d_raw"  "../main.c"
 
>> Compilation failure
subdir_rules.mk:9: recipe for target 'main.obj' failed
"C:/ti/CC3200SDK_1.3.0/cc3200-sdk/simplelink/include/simplelink.h", line 447: warning #48-D: incompatible redefinition of macro "__CONCAT" (declared at line 183 of "C:/ti/ccs1120/ccs/tools/compiler/ti-cgt-arm_20.2.5.LTS/include/sys/cdefs.h")
"../main.c", line 1073: error #20: identifier "UARTMessageInHandler" is undefined
"../main.c", line 1133: error #20: identifier "lRetVal" is undefined
"../main.c", line 1155: warning #112-D: statement is unreachable
2 errors detected in the compilation of "../main.c".
gmake: *** [main.obj] Error 1
gmake: Target 'all' not remade because of errors.

**** Build Finished ****

**** Build of configuration Release for project Lab5 ****

"C:\\ti\\ccs1120\\ccs\\utils\\bin\\gmake" -k all 
 
Building file: "../main.c"
Invoking: ARM Compiler
"C:/ti/ccs1120/ccs/tools/compiler/ti-cgt-arm_20.2.5.LTS/bin/armcl" -mv7M4 --code_state=16 --float_support=vfplib -me -Ooff --include_path="C:/ti/ccs1120/ccs/tools/compiler/ti-cgt-arm_20.2.5.LTS/include" --include_path="C:/ti/CC3200SDK_1.3.0/cc3200-sdk/driverlib" --include_path="C:/ti/CC3200SDK_1.3.0/cc3200-sdk/inc" --include_path="C:/ti/CC3200SDK_1.3.0/cc3200-sdk/example/common" --include_path="C:/ti/CC3200SDK_1.3.0/cc3200-sdk/simplelink/" --include_path="C:/ti/CC3200SDK_1.3.0/cc3200-sdk/simplelink/source" --include_path="C:/ti/CC3200SDK_1.3.0/cc3200-sdk/simplelink/include" --include_path="C:/ti/CC3200SDK_1.3.0/cc3200-sdk/simplelink_extlib/provisioninglib" --define=ccs --define=cc3200 -g --gcc --printf_support=full --diag_warning=225 --diag_wrap=off --display_error_number --abi=eabi --preproc_with_compile --preproc_dependency="main.d_raw"  "../main.c"
"C:/ti/CC3200SDK_1.3.0/cc3200-sdk/simplelink/include/simplelink.h", line 447: warning #48-D: incompatible redefinition of macro "__CONCAT" (declared at line 183 of "C:/ti/ccs1120/ccs/tools/compiler/ti-cgt-arm_20.2.5.LTS/include/sys/cdefs.h")
Finished building: "../main.c"
 
Building target: "Lab5.out"
Invoking: ARM Linker
"C:/ti/ccs1120/ccs/tools/compiler/ti-cgt-arm_20.2.5.LTS/bin/armcl" -mv7M4 --code_state=16 --float_support=vfplib -me -Ooff --define=ccs --define=cc3200 -g --gcc --printf_support=full --diag_warning=225 --diag_wrap=off --display_error_number --abi=eabi -z -m"Lab5.map" --heap_size=0x00008000 --stack_size=0x00001000 -i"C:/ti/ccs1120/ccs/tools/compiler/ti-cgt-arm_20.2.5.LTS/lib" -i"C:/ti/ccs1120/ccs/tools/compiler/ti-cgt-arm_20.2.5.LTS/include" --reread_libs --diag_wrap=off --display_error_number --warn_sections --xml_link_info="Lab5_linkInfo.xml" --rom_model -o "Lab5.out" "./Adafruit_GFX.obj" "./Adafruit_OLED.obj" "./gpio_if.obj" "./main.obj" "./network_common.obj" "./pinmux.obj" "./startup_ccs.obj" "./test.obj" "./timer_if.obj" "./uart_if.obj" "../cc3200v1p32.cmd"  -llibc.a -l"C:/ti/CC3200SDK_1.3.0/cc3200-sdk/driverlib/ccs/Release/driverlib.a" -l"C:/ti/CC3200SDK_1.3.0/cc3200-sdk/simplelink/ccs/NON_OS/simplelink.a" 
<Linking>
Finished building target: "Lab5.out"
 
Bin Generation
"C:/ti/ccs1120/ccs/utils/tiobj2bin/tiobj2bin" "Lab5.out" "Lab5.bin" "C:/ti/ccs1120/ccs/tools/compiler/ti-cgt-arm_20.2.5.LTS/bin/armofd" "C:/ti/ccs1120/ccs/tools/compiler/ti-cgt-arm_20.2.5.LTS/bin/armhex" "C:/ti/ccs1120/ccs/utils/tiobj2bin/mkhex4bin"
 

**** Build Finished ****

**** Build of configuration Release for project Lab5 ****

"C:\\ti\\ccs1120\\ccs\\utils\\bin\\gmake" -k all 
 
gmake: Nothing to be done for 'all'.

**** Build Finished ****

**** Build of configuration Release for project Lab5 ****

"C:\\ti\\ccs1120\\ccs\\utils\\bin\\gmake" -k all 
 
gmake: Nothing to be done for 'all'.

**** Build Finished ****

**** Build of configuration Release for project Lab5 ****

"C:\\ti\\ccs1120\\ccs\\utils\\bin\\gmake" -k all 
 
Building file: "../Adafruit_GFX.c"
Invoking: ARM Compiler
"C:/ti/ccs1120/ccs/tools/compiler/ti-cgt-arm_20.2.5.LTS/bin/armcl" -mv7M4 --code_state=16 --float_support=vfplib -me -Ooff --include_path="C:/ti/ccs1120/ccs/tools/compiler/ti-cgt-arm_20.2.5.LTS/include" --include_path="C:/ti/CC3200SDK_1.3.0/cc3200-sdk/driverlib" --include_path="C:/ti/CC3200SDK_1.3.0/cc3200-sdk/inc" --include_path="C:/ti/CC3200SDK_1.3.0/cc3200-sdk/example/common" --include_path="C:/ti/CC3200SDK_1.3.0/cc3200-sdk/simplelink/" --include_path="C:/ti/CC3200SDK_1.3.0/cc3200-sdk/simplelink/source" --include_path="C:/ti/CC3200SDK_1.3.0/cc3200-sdk/simplelink/include" --include_path="C:/ti/CC3200SDK_1.3.0/cc3200-sdk/simplelink_extlib/provisioninglib" --define=ccs --define=cc3200 -g --gcc --printf_support=full --diag_warning=225 --diag_wrap=off --display_error_number --abi=eabi --preproc_with_compile --preproc_dependency="Adafruit_GFX.d_raw"  "../Adafruit_GFX.c"
Finished building: "../Adafruit_GFX.c"
 
Building file: "../Adafruit_OLED.c"
Invoking: ARM Compiler
"C:/ti/ccs1120/ccs/tools/compiler/ti-cgt-arm_20.2.5.LTS/bin/armcl" -mv7M4 --code_state=16 --float_support=vfplib -me -Ooff --include_path="C:/ti/ccs1120/ccs/tools/compiler/ti-cgt-arm_20.2.5.LTS/include" --include_path="C:/ti/CC3200SDK_1.3.0/cc3200-sdk/driverlib" --include_path="C:/ti/CC3200SDK_1.3.0/cc3200-sdk/inc" --include_path="C:/ti/CC3200SDK_1.3.0/cc3200-sdk/example/common" --include_path="C:/ti/CC3200SDK_1.3.0/cc3200-sdk/simplelink/" --include_path="C:/ti/CC3200SDK_1.3.0/cc3200-sdk/simplelink/source" --include_path="C:/ti/CC3200SDK_1.3.0/cc3200-sdk/simplelink/include" --include_path="C:/ti/CC3200SDK_1.3.0/cc3200-sdk/simplelink_extlib/provisioninglib" --define=ccs --define=cc3200 -g --gcc --printf_support=full --diag_warning=225 --diag_wrap=off --display_error_number --abi=eabi --preproc_with_compile --preproc_dependency="Adafruit_OLED.d_raw"  "../Adafruit_OLED.c"
 
>> Compilation failure
subdir_rules.mk:9: recipe for target 'Adafruit_OLED.obj' failed
"../Adafruit_OLED.c", line 23: fatal error #1965: cannot open source file "pin_mux_config.h"
1 catastrophic error detected in the compilation of "../Adafruit_OLED.c".
Compilation terminated.
gmake: *** [Adafruit_OLED.obj] Error 1
Building file: "../main.c"
Invoking: ARM Compiler
"C:/ti/ccs1120/ccs/tools/compiler/ti-cgt-arm_20.2.5.LTS/bin/armcl" -mv7M4 --code_state=16 --float_support=vfplib -me -Ooff --include_path="C:/ti/ccs1120/ccs/tools/compiler/ti-cgt-arm_20.2.5.LTS/include" --include_path="C:/ti/CC3200SDK_1.3.0/cc3200-sdk/driverlib" --include_path="C:/ti/CC3200SDK_1.3.0/cc3200-sdk/inc" --include_path="C:/ti/CC3200SDK_1.3.0/cc3200-sdk/example/common" --include_path="C:/ti/CC3200SDK_1.3.0/cc3200-sdk/simplelink/" --include_path="C:/ti/CC3200SDK_1.3.0/cc3200-sdk/simplelink/source" --include_path="C:/ti/CC3200SDK_1.3.0/cc3200-sdk/simplelink/include" --include_path="C:/ti/CC3200SDK_1.3.0/cc3200-sdk/simplelink_extlib/provisioninglib" --define=ccs --define=cc3200 -g --gcc --printf_support=full --diag_warning=225 --diag_wrap=off --display_error_number --abi=eabi --preproc_with_compile --preproc_dependency="main.d_raw"  "../main.c"
"C:/ti/CC3200SDK_1.3.0/cc3200-sdk/simplelink/include/simplelink.h", line 447: warning #48-D: incompatible redefinition of macro "__CONCAT" (declared at line 183 of "C:/ti/ccs1120/ccs/tools/compiler/ti-cgt-arm_20.2.5.LTS/include/sys/cdefs.h")
Finished building: "../main.c"
 
Building file: "../pinmux.c"
Invoking: ARM Compiler
"C:/ti/ccs1120/ccs/tools/compiler/ti-cgt-arm_20.2.5.LTS/bin/armcl" -mv7M4 --code_state=16 --float_support=vfplib -me -Ooff --include_path="C:/ti/ccs1120/ccs/tools/compiler/ti-cgt-arm_20.2.5.LTS/include" --include_path="C:/ti/CC3200SDK_1.3.0/cc3200-sdk/driverlib" --include_path="C:/ti/CC3200SDK_1.3.0/cc3200-sdk/inc" --include_path="C:/ti/CC3200SDK_1.3.0/cc3200-sdk/example/common" --include_path="C:/ti/CC3200SDK_1.3.0/cc3200-sdk/simplelink/" --include_path="C:/ti/CC3200SDK_1.3.0/cc3200-sdk/simplelink/source" --include_path="C:/ti/CC3200SDK_1.3.0/cc3200-sdk/simplelink/include" --include_path="C:/ti/CC3200SDK_1.3.0/cc3200-sdk/simplelink_extlib/provisioninglib" --define=ccs --define=cc3200 -g --gcc --printf_support=full --diag_warning=225 --diag_wrap=off --display_error_number --abi=eabi --preproc_with_compile --preproc_dependency="pinmux.d_raw"  "../pinmux.c"
 
>> Compilation failure
subdir_rules.mk:9: recipe for target 'pinmux.obj' failed
"../pinmux.c", line 44: fatal error #1965: cannot open source file "pin_mux_config.h"
1 catastrophic error detected in the compilation of "../pinmux.c".
Compilation terminated.
gmake: *** [pinmux.obj] Error 1
Building file: "../test.c"
Invoking: ARM Compiler
"C:/ti/ccs1120/ccs/tools/compiler/ti-cgt-arm_20.2.5.LTS/bin/armcl" -mv7M4 --code_state=16 --float_support=vfplib -me -Ooff --include_path="C:/ti/ccs1120/ccs/tools/compiler/ti-cgt-arm_20.2.5.LTS/include" --include_path="C:/ti/CC3200SDK_1.3.0/cc3200-sdk/driverlib" --include_path="C:/ti/CC3200SDK_1.3.0/cc3200-sdk/inc" --include_path="C:/ti/CC3200SDK_1.3.0/cc3200-sdk/example/common" --include_path="C:/ti/CC3200SDK_1.3.0/cc3200-sdk/simplelink/" --include_path="C:/ti/CC3200SDK_1.3.0/cc3200-sdk/simplelink/source" --include_path="C:/ti/CC3200SDK_1.3.0/cc3200-sdk/simplelink/include" --include_path="C:/ti/CC3200SDK_1.3.0/cc3200-sdk/simplelink_extlib/provisioninglib" --define=ccs --define=cc3200 -g --gcc --printf_support=full --diag_warning=225 --diag_wrap=off --display_error_number --abi=eabi --preproc_with_compile --preproc_dependency="test.d_raw"  "../test.c"
Finished building: "../test.c"
 
Building file: "../timer_if.c"
Invoking: ARM Compiler
"C:/ti/ccs1120/ccs/tools/compiler/ti-cgt-arm_20.2.5.LTS/bin/armcl" -mv7M4 --code_state=16 --float_support=vfplib -me -Ooff --include_path="C:/ti/ccs1120/ccs/tools/compiler/ti-cgt-arm_20.2.5.LTS/include" --include_path="C:/ti/CC3200SDK_1.3.0/cc3200-sdk/driverlib" --include_path="C:/ti/CC3200SDK_1.3.0/cc3200-sdk/inc" --include_path="C:/ti/CC3200SDK_1.3.0/cc3200-sdk/example/common" --include_path="C:/ti/CC3200SDK_1.3.0/cc3200-sdk/simplelink/" --include_path="C:/ti/CC3200SDK_1.3.0/cc3200-sdk/simplelink/source" --include_path="C:/ti/CC3200SDK_1.3.0/cc3200-sdk/simplelink/include" --include_path="C:/ti/CC3200SDK_1.3.0/cc3200-sdk/simplelink_extlib/provisioninglib" --define=ccs --define=cc3200 -g --gcc --printf_support=full --diag_warning=225 --diag_wrap=off --display_error_number --abi=eabi --preproc_with_compile --preproc_dependency="timer_if.d_raw"  "../timer_if.c"
Finished building: "../timer_if.c"
 
Building file: "../uart_if.c"
Invoking: ARM Compiler
"C:/ti/ccs1120/ccs/tools/compiler/ti-cgt-arm_20.2.5.LTS/bin/armcl" -mv7M4 --code_state=16 --float_support=vfplib -me -Ooff --include_path="C:/ti/ccs1120/ccs/tools/compiler/ti-cgt-arm_20.2.5.LTS/include" --include_path="C:/ti/CC3200SDK_1.3.0/cc3200-sdk/driverlib" --include_path="C:/ti/CC3200SDK_1.3.0/cc3200-sdk/inc" --include_path="C:/ti/CC3200SDK_1.3.0/cc3200-sdk/example/common" --include_path="C:/ti/CC3200SDK_1.3.0/cc3200-sdk/simplelink/" --include_path="C:/ti/CC3200SDK_1.3.0/cc3200-sdk/simplelink/source" --include_path="C:/ti/CC3200SDK_1.3.0/cc3200-sdk/simplelink/include" --include_path="C:/ti/CC3200SDK_1.3.0/cc3200-sdk/simplelink_extlib/provisioninglib" --define=ccs --define=cc3200 -g --gcc --printf_support=full --diag_warning=225 --diag_wrap=off --display_error_number --abi=eabi --preproc_with_compile --preproc_dependency="uart_if.d_raw"  "../uart_if.c"
Finished building: "../uart_if.c"
 
gmake: Target 'all' not remade because of errors.

**** Build Finished ****

**** Build of configuration Release for project Lab5 ****

"C:\\ti\\ccs1120\\ccs\\utils\\bin\\gmake" -k all 
 
Building file: "../Adafruit_OLED.c"
Invoking: ARM Compiler
"C:/ti/ccs1120/ccs/tools/compiler/ti-cgt-arm_20.2.5.LTS/bin/armcl" -mv7M4 --code_state=16 --float_support=vfplib -me -Ooff --include_path="C:/ti/ccs1120/ccs/tools/compiler/ti-cgt-arm_20.2.5.LTS/include" --include_path="C:/ti/CC3200SDK_1.3.0/cc3200-sdk/driverlib" --include_path="C:/ti/CC3200SDK_1.3.0/cc3200-sdk/inc" --include_path="C:/ti/CC3200SDK_1.3.0/cc3200-sdk/example/common" --include_path="C:/ti/CC3200SDK_1.3.0/cc3200-sdk/simplelink/" --include_path="C:/ti/CC3200SDK_1.3.0/cc3200-sdk/simplelink/source" --include_path="C:/ti/CC3200SDK_1.3.0/cc3200-sdk/simplelink/include" --include_path="C:/ti/CC3200SDK_1.3.0/cc3200-sdk/simplelink_extlib/provisioninglib" --define=ccs --define=cc3200 -g --gcc --printf_support=full --diag_warning=225 --diag_wrap=off --display_error_number --abi=eabi --preproc_with_compile --preproc_dependency="Adafruit_OLED.d_raw"  "../Adafruit_OLED.c"
Finished building: "../Adafruit_OLED.c"
 
Building file: "../pinmux.c"
Invoking: ARM Compiler
"C:/ti/ccs1120/ccs/tools/compiler/ti-cgt-arm_20.2.5.LTS/bin/armcl" -mv7M4 --code_state=16 --float_support=vfplib -me -Ooff --include_path="C:/ti/ccs1120/ccs/tools/compiler/ti-cgt-arm_20.2.5.LTS/include" --include_path="C:/ti/CC3200SDK_1.3.0/cc3200-sdk/driverlib" --include_path="C:/ti/CC3200SDK_1.3.0/cc3200-sdk/inc" --include_path="C:/ti/CC3200SDK_1.3.0/cc3200-sdk/example/common" --include_path="C:/ti/CC3200SDK_1.3.0/cc3200-sdk/simplelink/" --include_path="C:/ti/CC3200SDK_1.3.0/cc3200-sdk/simplelink/source" --include_path="C:/ti/CC3200SDK_1.3.0/cc3200-sdk/simplelink/include" --include_path="C:/ti/CC3200SDK_1.3.0/cc3200-sdk/simplelink_extlib/provisioninglib" --define=ccs --define=cc3200 -g --gcc --printf_support=full --diag_warning=225 --diag_wrap=off --display_error_number --abi=eabi --preproc_with_compile --preproc_dependency="pinmux.d_raw"  "../pinmux.c"
Finished building: "../pinmux.c"
 
Building target: "Lab5.out"
Invoking: ARM Linker
"C:/ti/ccs1120/ccs/tools/compiler/ti-cgt-arm_20.2.5.LTS/bin/armcl" -mv7M4 --code_state=16 --float_support=vfplib -me -Ooff --define=ccs --define=cc3200 -g --gcc --printf_support=full --diag_warning=225 --diag_wrap=off --display_error_number --abi=eabi -z -m"Lab5.map" --heap_size=0x00008000 --stack_size=0x00001000 -i"C:/ti/ccs1120/ccs/tools/compiler/ti-cgt-arm_20.2.5.LTS/lib" -i"C:/ti/ccs1120/ccs/tools/compiler/ti-cgt-arm_20.2.5.LTS/include" --reread_libs --diag_wrap=off --display_error_number --warn_sections --xml_link_info="Lab5_linkInfo.xml" --rom_model -o "Lab5.out" "./Adafruit_GFX.obj" "./Adafruit_OLED.obj" "./gpio_if.obj" "./main.obj" "./network_common.obj" "./pinmux.obj" "./startup_ccs.obj" "./test.obj" "./timer_if.obj" "./uart_if.obj" "../cc3200v1p32.cmd"  -llibc.a -l"C:/ti/CC3200SDK_1.3.0/cc3200-sdk/driverlib/ccs/Release/driverlib.a" -l"C:/ti/CC3200SDK_1.3.0/cc3200-sdk/simplelink/ccs/NON_OS/simplelink.a" 
<Linking>
Finished building target: "Lab5.out"
 
Bin Generation
"C:/ti/ccs1120/ccs/utils/tiobj2bin/tiobj2bin" "Lab5.out" "Lab5.bin" "C:/ti/ccs1120/ccs/tools/compiler/ti-cgt-arm_20.2.5.LTS/bin/armofd" "C:/ti/ccs1120/ccs/tools/compiler/ti-cgt-arm_20.2.5.LTS/bin/armhex" "C:/ti/ccs1120/ccs/utils/tiobj2bin/mkhex4bin"
 

**** Build Finished ****

**** Build of configuration Release for project Lab5 ****

"C:\\ti\\ccs1120\\ccs\\utils\\bin\\gmake" -k all 
 
gmake: Nothing to be done for 'all'.

**** Build Finished ****

**** Build of configuration Release for project Lab5 ****

"C:\\ti\\ccs1120\\ccs\\utils\\bin\\gmake" -k all 
 
gmake: Nothing to be done for 'all'.

**** Build Finished ****

**** Build of configuration Release for project Lab5 ****

"C:\\ti\\ccs1120\\ccs\\utils\\bin\\gmake" -k all 
 
Building file: "../main.c"
Invoking: ARM Compiler
"C:/ti/ccs1120/ccs/tools/compiler/ti-cgt-arm_20.2.5.LTS/bin/armcl" -mv7M4 --code_state=16 --float_support=vfplib -me -Ooff --include_path="C:/ti/ccs1120/ccs/tools/compiler/ti-cgt-arm_20.2.5.LTS/include" --include_path="C:/ti/CC3200SDK_1.3.0/cc3200-sdk/driverlib" --include_path="C:/ti/CC3200SDK_1.3.0/cc3200-sdk/inc" --include_path="C:/ti/CC3200SDK_1.3.0/cc3200-sdk/example/common" --include_path="C:/ti/CC3200SDK_1.3.0/cc3200-sdk/simplelink/" --include_path="C:/ti/CC3200SDK_1.3.0/cc3200-sdk/simplelink/source" --include_path="C:/ti/CC3200SDK_1.3.0/cc3200-sdk/simplelink/include" --include_path="C:/ti/CC3200SDK_1.3.0/cc3200-sdk/simplelink_extlib/provisioninglib" --define=ccs --define=cc3200 -g --gcc --printf_support=full --diag_warning=225 --diag_wrap=off --display_error_number --abi=eabi --preproc_with_compile --preproc_dependency="main.d_raw"  "../main.c"
"C:/ti/CC3200SDK_1.3.0/cc3200-sdk/simplelink/include/simplelink.h", line 447: warning #48-D: incompatible redefinition of macro "__CONCAT" (declared at line 183 of "C:/ti/ccs1120/ccs/tools/compiler/ti-cgt-arm_20.2.5.LTS/include/sys/cdefs.h")
"../main.c", line 79: warning #179-D: variable "switch2" was declared but never referenced
Finished building: "../main.c"
 
Building target: "Lab5.out"
Invoking: ARM Linker
"C:/ti/ccs1120/ccs/tools/compiler/ti-cgt-arm_20.2.5.LTS/bin/armcl" -mv7M4 --code_state=16 --float_support=vfplib -me -Ooff --define=ccs --define=cc3200 -g --gcc --printf_support=full --diag_warning=225 --diag_wrap=off --display_error_number --abi=eabi -z -m"Lab5.map" --heap_size=0x00008000 --stack_size=0x00001000 -i"C:/ti/ccs1120/ccs/tools/compiler/ti-cgt-arm_20.2.5.LTS/lib" -i"C:/ti/ccs1120/ccs/tools/compiler/ti-cgt-arm_20.2.5.LTS/include" --reread_libs --diag_wrap=off --display_error_number --warn_sections --xml_link_info="Lab5_linkInfo.xml" --rom_model -o "Lab5.out" "./Adafruit_GFX.obj" "./Adafruit_OLED.obj" "./gpio_if.obj" "./main.obj" "./network_common.obj" "./pinmux.obj" "./startup_ccs.obj" "./test.obj" "./timer_if.obj" "./uart_if.obj" "../cc3200v1p32.cmd"  -llibc.a -l"C:/ti/CC3200SDK_1.3.0/cc3200-sdk/driverlib/ccs/Release/driverlib.a" -l"C:/ti/CC3200SDK_1.3.0/cc3200-sdk/simplelink/ccs/NON_OS/simplelink.a" 
<Linking>
Finished building target: "Lab5.out"
 
Bin Generation
"C:/ti/ccs1120/ccs/utils/tiobj2bin/tiobj2bin" "Lab5.out" "Lab5.bin" "C:/ti/ccs1120/ccs/tools/compiler/ti-cgt-arm_20.2.5.LTS/bin/armofd" "C:/ti/ccs1120/ccs/tools/compiler/ti-cgt-arm_20.2.5.LTS/bin/armhex" "C:/ti/ccs1120/ccs/utils/tiobj2bin/mkhex4bin"
 

**** Build Finished ****

**** Build of configuration Release for project Lab5 ****

"C:\\ti\\ccs1120\\ccs\\utils\\bin\\gmake" -k all 
 
Building file: "../main.c"
Invoking: ARM Compiler
"C:/ti/ccs1120/ccs/tools/compiler/ti-cgt-arm_20.2.5.LTS/bin/armcl" -mv7M4 --code_state=16 --float_support=vfplib -me -Ooff --include_path="C:/ti/ccs1120/ccs/tools/compiler/ti-cgt-arm_20.2.5.LTS/include" --include_path="C:/ti/CC3200SDK_1.3.0/cc3200-sdk/driverlib" --include_path="C:/ti/CC3200SDK_1.3.0/cc3200-sdk/inc" --include_path="C:/ti/CC3200SDK_1.3.0/cc3200-sdk/example/common" --include_path="C:/ti/CC3200SDK_1.3.0/cc3200-sdk/simplelink/" --include_path="C:/ti/CC3200SDK_1.3.0/cc3200-sdk/simplelink/source" --include_path="C:/ti/CC3200SDK_1.3.0/cc3200-sdk/simplelink/include" --include_path="C:/ti/CC3200SDK_1.3.0/cc3200-sdk/simplelink_extlib/provisioninglib" --define=ccs --define=cc3200 -g --gcc --printf_support=full --diag_warning=225 --diag_wrap=off --display_error_number --abi=eabi --preproc_with_compile --preproc_dependency="main.d_raw"  "../main.c"
 
>> Compilation failure
subdir_rules.mk:9: recipe for target 'main.obj' failed
"C:/ti/CC3200SDK_1.3.0/cc3200-sdk/simplelink/include/simplelink.h", line 447: warning #48-D: incompatible redefinition of macro "__CONCAT" (declared at line 183 of "C:/ti/ccs1120/ccs/tools/compiler/ti-cgt-arm_20.2.5.LTS/include/sys/cdefs.h")
"../main.c", line 884: error #20: identifier "message" is undefined
"../main.c", line 79: warning #179-D: variable "switch2" was declared but never referenced
1 error detected in the compilation of "../main.c".
gmake: *** [main.obj] Error 1
gmake: Target 'all' not remade because of errors.

**** Build Finished ****

**** Build of configuration Release for project Lab5 ****

"C:\\ti\\ccs1120\\ccs\\utils\\bin\\gmake" -k all 
 
Building file: "../main.c"
Invoking: ARM Compiler
"C:/ti/ccs1120/ccs/tools/compiler/ti-cgt-arm_20.2.5.LTS/bin/armcl" -mv7M4 --code_state=16 --float_support=vfplib -me -Ooff --include_path="C:/ti/ccs1120/ccs/tools/compiler/ti-cgt-arm_20.2.5.LTS/include" --include_path="C:/ti/CC3200SDK_1.3.0/cc3200-sdk/driverlib" --include_path="C:/ti/CC3200SDK_1.3.0/cc3200-sdk/inc" --include_path="C:/ti/CC3200SDK_1.3.0/cc3200-sdk/example/common" --include_path="C:/ti/CC3200SDK_1.3.0/cc3200-sdk/simplelink/" --include_path="C:/ti/CC3200SDK_1.3.0/cc3200-sdk/simplelink/source" --include_path="C:/ti/CC3200SDK_1.3.0/cc3200-sdk/simplelink/include" --include_path="C:/ti/CC3200SDK_1.3.0/cc3200-sdk/simplelink_extlib/provisioninglib" --define=ccs --define=cc3200 -g --gcc --printf_support=full --diag_warning=225 --diag_wrap=off --display_error_number --abi=eabi --preproc_with_compile --preproc_dependency="main.d_raw"  "../main.c"
"C:/ti/CC3200SDK_1.3.0/cc3200-sdk/simplelink/include/simplelink.h", line 447: warning #48-D: incompatible redefinition of macro "__CONCAT" (declared at line 183 of "C:/ti/ccs1120/ccs/tools/compiler/ti-cgt-arm_20.2.5.LTS/include/sys/cdefs.h")
"../main.c", line 79: warning #179-D: variable "switch2" was declared but never referenced
Finished building: "../main.c"
 
Building target: "Lab5.out"
Invoking: ARM Linker
"C:/ti/ccs1120/ccs/tools/compiler/ti-cgt-arm_20.2.5.LTS/bin/armcl" -mv7M4 --code_state=16 --float_support=vfplib -me -Ooff --define=ccs --define=cc3200 -g --gcc --printf_support=full --diag_warning=225 --diag_wrap=off --display_error_number --abi=eabi -z -m"Lab5.map" --heap_size=0x00008000 --stack_size=0x00001000 -i"C:/ti/ccs1120/ccs/tools/compiler/ti-cgt-arm_20.2.5.LTS/lib" -i"C:/ti/ccs1120/ccs/tools/compiler/ti-cgt-arm_20.2.5.LTS/include" --reread_libs --diag_wrap=off --display_error_number --warn_sections --xml_link_info="Lab5_linkInfo.xml" --rom_model -o "Lab5.out" "./Adafruit_GFX.obj" "./Adafruit_OLED.obj" "./gpio_if.obj" "./main.obj" "./network_common.obj" "./pinmux.obj" "./startup_ccs.obj" "./test.obj" "./timer_if.obj" "./uart_if.obj" "../cc3200v1p32.cmd"  -llibc.a -l"C:/ti/CC3200SDK_1.3.0/cc3200-sdk/driverlib/ccs/Release/driverlib.a" -l"C:/ti/CC3200SDK_1.3.0/cc3200-sdk/simplelink/ccs/NON_OS/simplelink.a" 
<Linking>
Finished building target: "Lab5.out"
 
Bin Generation
"C:/ti/ccs1120/ccs/utils/tiobj2bin/tiobj2bin" "Lab5.out" "Lab5.bin" "C:/ti/ccs1120/ccs/tools/compiler/ti-cgt-arm_20.2.5.LTS/bin/armofd" "C:/ti/ccs1120/ccs/tools/compiler/ti-cgt-arm_20.2.5.LTS/bin/armhex" "C:/ti/ccs1120/ccs/utils/tiobj2bin/mkhex4bin"
 

**** Build Finished ****

**** Build of configuration Release for project Lab5 ****

"C:\\ti\\ccs1120\\ccs\\utils\\bin\\gmake" -k all 
 
Building file: "../main.c"
Invoking: ARM Compiler
"C:/ti/ccs1120/ccs/tools/compiler/ti-cgt-arm_20.2.5.LTS/bin/armcl" -mv7M4 --code_state=16 --float_support=vfplib -me -Ooff --include_path="C:/ti/ccs1120/ccs/tools/compiler/ti-cgt-arm_20.2.5.LTS/include" --include_path="C:/ti/CC3200SDK_1.3.0/cc3200-sdk/driverlib" --include_path="C:/ti/CC3200SDK_1.3.0/cc3200-sdk/inc" --include_path="C:/ti/CC3200SDK_1.3.0/cc3200-sdk/example/common" --include_path="C:/ti/CC3200SDK_1.3.0/cc3200-sdk/simplelink/" --include_path="C:/ti/CC3200SDK_1.3.0/cc3200-sdk/simplelink/source" --include_path="C:/ti/CC3200SDK_1.3.0/cc3200-sdk/simplelink/include" --include_path="C:/ti/CC3200SDK_1.3.0/cc3200-sdk/simplelink_extlib/provisioninglib" --define=ccs --define=cc3200 -g --gcc --printf_support=full --diag_warning=225 --diag_wrap=off --display_error_number --abi=eabi --preproc_with_compile --preproc_dependency="main.d_raw"  "../main.c"
 
>> Compilation failure
subdir_rules.mk:9: recipe for target 'main.obj' failed
"C:/ti/CC3200SDK_1.3.0/cc3200-sdk/simplelink/include/simplelink.h", line 447: warning #48-D: incompatible redefinition of macro "__CONCAT" (declared at line 183 of "C:/ti/ccs1120/ccs/tools/compiler/ti-cgt-arm_20.2.5.LTS/include/sys/cdefs.h")
"../main.c", line 1061: error #20: identifier "UARTMessageInHandler" is undefined
1 error detected in the compilation of "../main.c".
gmake: *** [main.obj] Error 1
gmake: Target 'all' not remade because of errors.

**** Build Finished ****

**** Build of configuration Release for project Lab5 ****

"C:\\ti\\ccs1120\\ccs\\utils\\bin\\gmake" -k all 
 
Building file: "../main.c"
Invoking: ARM Compiler
"C:/ti/ccs1120/ccs/tools/compiler/ti-cgt-arm_20.2.5.LTS/bin/armcl" -mv7M4 --code_state=16 --float_support=vfplib -me -Ooff --include_path="C:/ti/ccs1120/ccs/tools/compiler/ti-cgt-arm_20.2.5.LTS/include" --include_path="C:/ti/CC3200SDK_1.3.0/cc3200-sdk/driverlib" --include_path="C:/ti/CC3200SDK_1.3.0/cc3200-sdk/inc" --include_path="C:/ti/CC3200SDK_1.3.0/cc3200-sdk/example/common" --include_path="C:/ti/CC3200SDK_1.3.0/cc3200-sdk/simplelink/" --include_path="C:/ti/CC3200SDK_1.3.0/cc3200-sdk/simplelink/source" --include_path="C:/ti/CC3200SDK_1.3.0/cc3200-sdk/simplelink/include" --include_path="C:/ti/CC3200SDK_1.3.0/cc3200-sdk/simplelink_extlib/provisioninglib" --define=ccs --define=cc3200 -g --gcc --printf_support=full --diag_warning=225 --diag_wrap=off --display_error_number --abi=eabi --preproc_with_compile --preproc_dependency="main.d_raw"  "../main.c"
"C:/ti/CC3200SDK_1.3.0/cc3200-sdk/simplelink/include/simplelink.h", line 447: warning #48-D: incompatible redefinition of macro "__CONCAT" (declared at line 183 of "C:/ti/ccs1120/ccs/tools/compiler/ti-cgt-arm_20.2.5.LTS/include/sys/cdefs.h")
Finished building: "../main.c"
 
Building target: "Lab5.out"
Invoking: ARM Linker
"C:/ti/ccs1120/ccs/tools/compiler/ti-cgt-arm_20.2.5.LTS/bin/armcl" -mv7M4 --code_state=16 --float_support=vfplib -me -Ooff --define=ccs --define=cc3200 -g --gcc --printf_support=full --diag_warning=225 --diag_wrap=off --display_error_number --abi=eabi -z -m"Lab5.map" --heap_size=0x00008000 --stack_size=0x00001000 -i"C:/ti/ccs1120/ccs/tools/compiler/ti-cgt-arm_20.2.5.LTS/lib" -i"C:/ti/ccs1120/ccs/tools/compiler/ti-cgt-arm_20.2.5.LTS/include" --reread_libs --diag_wrap=off --display_error_number --warn_sections --xml_link_info="Lab5_linkInfo.xml" --rom_model -o "Lab5.out" "./Adafruit_GFX.obj" "./Adafruit_OLED.obj" "./gpio_if.obj" "./main.obj" "./network_common.obj" "./pinmux.obj" "./startup_ccs.obj" "./test.obj" "./timer_if.obj" "./uart_if.obj" "../cc3200v1p32.cmd"  -llibc.a -l"C:/ti/CC3200SDK_1.3.0/cc3200-sdk/driverlib/ccs/Release/driverlib.a" -l"C:/ti/CC3200SDK_1.3.0/cc3200-sdk/simplelink/ccs/NON_OS/simplelink.a" 
<Linking>
Finished building target: "Lab5.out"
 
Bin Generation
"C:/ti/ccs1120/ccs/utils/tiobj2bin/tiobj2bin" "Lab5.out" "Lab5.bin" "C:/ti/ccs1120/ccs/tools/compiler/ti-cgt-arm_20.2.5.LTS/bin/armofd" "C:/ti/ccs1120/ccs/tools/compiler/ti-cgt-arm_20.2.5.LTS/bin/armhex" "C:/ti/ccs1120/ccs/utils/tiobj2bin/mkhex4bin"
 

**** Build Finished ****

**** Build of configuration Release for project Lab5 ****

"C:\\ti\\ccs1120\\ccs\\utils\\bin\\gmake" -k all 
 
gmake: Nothing to be done for 'all'.

**** Build Finished ****

**** Build of configuration Release for project Lab5 ****

"C:\\ti\\ccs1120\\ccs\\utils\\bin\\gmake" -k all 
 
Building file: "../main.c"
Invoking: ARM Compiler
"C:/ti/ccs1120/ccs/tools/compiler/ti-cgt-arm_20.2.5.LTS/bin/armcl" -mv7M4 --code_state=16 --float_support=vfplib -me -Ooff --include_path="C:/ti/ccs1120/ccs/tools/compiler/ti-cgt-arm_20.2.5.LTS/include" --include_path="C:/ti/CC3200SDK_1.3.0/cc3200-sdk/driverlib" --include_path="C:/ti/CC3200SDK_1.3.0/cc3200-sdk/inc" --include_path="C:/ti/CC3200SDK_1.3.0/cc3200-sdk/example/common" --include_path="C:/ti/CC3200SDK_1.3.0/cc3200-sdk/simplelink/" --include_path="C:/ti/CC3200SDK_1.3.0/cc3200-sdk/simplelink/source" --include_path="C:/ti/CC3200SDK_1.3.0/cc3200-sdk/simplelink/include" --include_path="C:/ti/CC3200SDK_1.3.0/cc3200-sdk/simplelink_extlib/provisioninglib" --define=ccs --define=cc3200 -g --gcc --printf_support=full --diag_warning=225 --diag_wrap=off --display_error_number --abi=eabi --preproc_with_compile --preproc_dependency="main.d_raw"  "../main.c"
"C:/ti/CC3200SDK_1.3.0/cc3200-sdk/simplelink/include/simplelink.h", line 447: warning #48-D: incompatible redefinition of macro "__CONCAT" (declared at line 183 of "C:/ti/ccs1120/ccs/tools/compiler/ti-cgt-arm_20.2.5.LTS/include/sys/cdefs.h")
"../main.c", line 1441: warning #112-D: statement is unreachable
Finished building: "../main.c"
 
Building target: "Lab5.out"
Invoking: ARM Linker
"C:/ti/ccs1120/ccs/tools/compiler/ti-cgt-arm_20.2.5.LTS/bin/armcl" -mv7M4 --code_state=16 --float_support=vfplib -me -Ooff --define=ccs --define=cc3200 -g --gcc --printf_support=full --diag_warning=225 --diag_wrap=off --display_error_number --abi=eabi -z -m"Lab5.map" --heap_size=0x00008000 --stack_size=0x00001000 -i"C:/ti/ccs1120/ccs/tools/compiler/ti-cgt-arm_20.2.5.LTS/lib" -i"C:/ti/ccs1120/ccs/tools/compiler/ti-cgt-arm_20.2.5.LTS/include" --reread_libs --diag_wrap=off --display_error_number --warn_sections --xml_link_info="Lab5_linkInfo.xml" --rom_model -o "Lab5.out" "./Adafruit_GFX.obj" "./Adafruit_OLED.obj" "./gpio_if.obj" "./main.obj" "./network_common.obj" "./pinmux.obj" "./startup_ccs.obj" "./test.obj" "./timer_if.obj" "./uart_if.obj" "../cc3200v1p32.cmd"  -llibc.a -l"C:/ti/CC3200SDK_1.3.0/cc3200-sdk/driverlib/ccs/Release/driverlib.a" -l"C:/ti/CC3200SDK_1.3.0/cc3200-sdk/simplelink/ccs/NON_OS/simplelink.a" 
<Linking>
Finished building target: "Lab5.out"
 
Bin Generation
"C:/ti/ccs1120/ccs/utils/tiobj2bin/tiobj2bin" "Lab5.out" "Lab5.bin" "C:/ti/ccs1120/ccs/tools/compiler/ti-cgt-arm_20.2.5.LTS/bin/armofd" "C:/ti/ccs1120/ccs/tools/compiler/ti-cgt-arm_20.2.5.LTS/bin/armhex" "C:/ti/ccs1120/ccs/utils/tiobj2bin/mkhex4bin"
 

**** Build Finished ****

**** Build of configuration Release for project Lab5 ****

"C:\\ti\\ccs1120\\ccs\\utils\\bin\\gmake" -k all 
 
gmake: Nothing to be done for 'all'.

**** Build Finished ****

**** Build of configuration Release for project Lab5 ****

"C:\\ti\\ccs1120\\ccs\\utils\\bin\\gmake" -k all 
 
gmake: Nothing to be done for 'all'.

**** Build Finished ****

**** Build of configuration Release for project Lab5 ****

"C:\\ti\\ccs1120\\ccs\\utils\\bin\\gmake" -k all 
 
Building file: "../main.c"
Invoking: ARM Compiler
"C:/ti/ccs1120/ccs/tools/compiler/ti-cgt-arm_20.2.5.LTS/bin/armcl" -mv7M4 --code_state=16 --float_support=vfplib -me -Ooff --include_path="C:/ti/ccs1120/ccs/tools/compiler/ti-cgt-arm_20.2.5.LTS/include" --include_path="C:/ti/CC3200SDK_1.3.0/cc3200-sdk/driverlib" --include_path="C:/ti/CC3200SDK_1.3.0/cc3200-sdk/inc" --include_path="C:/ti/CC3200SDK_1.3.0/cc3200-sdk/example/common" --include_path="C:/ti/CC3200SDK_1.3.0/cc3200-sdk/simplelink/" --include_path="C:/ti/CC3200SDK_1.3.0/cc3200-sdk/simplelink/source" --include_path="C:/ti/CC3200SDK_1.3.0/cc3200-sdk/simplelink/include" --include_path="C:/ti/CC3200SDK_1.3.0/cc3200-sdk/simplelink_extlib/provisioninglib" --define=ccs --define=cc3200 -g --gcc --printf_support=full --diag_warning=225 --diag_wrap=off --display_error_number --abi=eabi --preproc_with_compile --preproc_dependency="main.d_raw"  "../main.c"
"C:/ti/CC3200SDK_1.3.0/cc3200-sdk/simplelink/include/simplelink.h", line 447: warning #48-D: incompatible redefinition of macro "__CONCAT" (declared at line 183 of "C:/ti/ccs1120/ccs/tools/compiler/ti-cgt-arm_20.2.5.LTS/include/sys/cdefs.h")
"../main.c", line 1442: warning #112-D: statement is unreachable
Finished building: "../main.c"
 
Building target: "Lab5.out"
Invoking: ARM Linker
"C:/ti/ccs1120/ccs/tools/compiler/ti-cgt-arm_20.2.5.LTS/bin/armcl" -mv7M4 --code_state=16 --float_support=vfplib -me -Ooff --define=ccs --define=cc3200 -g --gcc --printf_support=full --diag_warning=225 --diag_wrap=off --display_error_number --abi=eabi -z -m"Lab5.map" --heap_size=0x00008000 --stack_size=0x00001000 -i"C:/ti/ccs1120/ccs/tools/compiler/ti-cgt-arm_20.2.5.LTS/lib" -i"C:/ti/ccs1120/ccs/tools/compiler/ti-cgt-arm_20.2.5.LTS/include" --reread_libs --diag_wrap=off --display_error_number --warn_sections --xml_link_info="Lab5_linkInfo.xml" --rom_model -o "Lab5.out" "./Adafruit_GFX.obj" "./Adafruit_OLED.obj" "./gpio_if.obj" "./main.obj" "./network_common.obj" "./pinmux.obj" "./startup_ccs.obj" "./test.obj" "./timer_if.obj" "./uart_if.obj" "../cc3200v1p32.cmd"  -llibc.a -l"C:/ti/CC3200SDK_1.3.0/cc3200-sdk/driverlib/ccs/Release/driverlib.a" -l"C:/ti/CC3200SDK_1.3.0/cc3200-sdk/simplelink/ccs/NON_OS/simplelink.a" 
<Linking>
Finished building target: "Lab5.out"
 
Bin Generation
"C:/ti/ccs1120/ccs/utils/tiobj2bin/tiobj2bin" "Lab5.out" "Lab5.bin" "C:/ti/ccs1120/ccs/tools/compiler/ti-cgt-arm_20.2.5.LTS/bin/armofd" "C:/ti/ccs1120/ccs/tools/compiler/ti-cgt-arm_20.2.5.LTS/bin/armhex" "C:/ti/ccs1120/ccs/utils/tiobj2bin/mkhex4bin"
 

**** Build Finished ****

**** Build of configuration Release for project Lab5 ****

"C:\\ti\\ccs1120\\ccs\\utils\\bin\\gmake" -k all 
 
gmake: Nothing to be done for 'all'.

**** Build Finished ****

**** Build of configuration Release for project Lab5 ****

"C:\\ti\\ccs1120\\ccs\\utils\\bin\\gmake" -k all 
 
gmake: Nothing to be done for 'all'.

**** Build Finished ****

**** Build of configuration Release for project Lab5 ****

"C:\\ti\\ccs1120\\ccs\\utils\\bin\\gmake" -k all 
 
Building file: "../main.c"
Invoking: ARM Compiler
"C:/ti/ccs1120/ccs/tools/compiler/ti-cgt-arm_20.2.5.LTS/bin/armcl" -mv7M4 --code_state=16 --float_support=vfplib -me -Ooff --include_path="C:/ti/ccs1120/ccs/tools/compiler/ti-cgt-arm_20.2.5.LTS/include" --include_path="C:/ti/CC3200SDK_1.3.0/cc3200-sdk/driverlib" --include_path="C:/ti/CC3200SDK_1.3.0/cc3200-sdk/inc" --include_path="C:/ti/CC3200SDK_1.3.0/cc3200-sdk/example/common" --include_path="C:/ti/CC3200SDK_1.3.0/cc3200-sdk/simplelink/" --include_path="C:/ti/CC3200SDK_1.3.0/cc3200-sdk/simplelink/source" --include_path="C:/ti/CC3200SDK_1.3.0/cc3200-sdk/simplelink/include" --include_path="C:/ti/CC3200SDK_1.3.0/cc3200-sdk/simplelink_extlib/provisioninglib" --define=ccs --define=cc3200 -g --gcc --printf_support=full --diag_warning=225 --diag_wrap=off --display_error_number --abi=eabi --preproc_with_compile --preproc_dependency="main.d_raw"  "../main.c"
"C:/ti/CC3200SDK_1.3.0/cc3200-sdk/simplelink/include/simplelink.h", line 447: warning #48-D: incompatible redefinition of macro "__CONCAT" (declared at line 183 of "C:/ti/ccs1120/ccs/tools/compiler/ti-cgt-arm_20.2.5.LTS/include/sys/cdefs.h")
"../main.c", line 1441: warning #112-D: statement is unreachable
Finished building: "../main.c"
 
Building target: "Lab5.out"
Invoking: ARM Linker
"C:/ti/ccs1120/ccs/tools/compiler/ti-cgt-arm_20.2.5.LTS/bin/armcl" -mv7M4 --code_state=16 --float_support=vfplib -me -Ooff --define=ccs --define=cc3200 -g --gcc --printf_support=full --diag_warning=225 --diag_wrap=off --display_error_number --abi=eabi -z -m"Lab5.map" --heap_size=0x00008000 --stack_size=0x00001000 -i"C:/ti/ccs1120/ccs/tools/compiler/ti-cgt-arm_20.2.5.LTS/lib" -i"C:/ti/ccs1120/ccs/tools/compiler/ti-cgt-arm_20.2.5.LTS/include" --reread_libs --diag_wrap=off --display_error_number --warn_sections --xml_link_info="Lab5_linkInfo.xml" --rom_model -o "Lab5.out" "./Adafruit_GFX.obj" "./Adafruit_OLED.obj" "./gpio_if.obj" "./main.obj" "./network_common.obj" "./pinmux.obj" "./startup_ccs.obj" "./test.obj" "./timer_if.obj" "./uart_if.obj" "../cc3200v1p32.cmd"  -llibc.a -l"C:/ti/CC3200SDK_1.3.0/cc3200-sdk/driverlib/ccs/Release/driverlib.a" -l"C:/ti/CC3200SDK_1.3.0/cc3200-sdk/simplelink/ccs/NON_OS/simplelink.a" 
<Linking>
Finished building target: "Lab5.out"
 
Bin Generation
"C:/ti/ccs1120/ccs/utils/tiobj2bin/tiobj2bin" "Lab5.out" "Lab5.bin" "C:/ti/ccs1120/ccs/tools/compiler/ti-cgt-arm_20.2.5.LTS/bin/armofd" "C:/ti/ccs1120/ccs/tools/compiler/ti-cgt-arm_20.2.5.LTS/bin/armhex" "C:/ti/ccs1120/ccs/utils/tiobj2bin/mkhex4bin"
 

**** Build Finished ****

**** Build of configuration Release for project Lab5 ****

"C:\\ti\\ccs1120\\ccs\\utils\\bin\\gmake" -k all 
 
gmake: Nothing to be done for 'all'.

**** Build Finished ****

**** Build of configuration Release for project Lab5 ****

"C:\\ti\\ccs1120\\ccs\\utils\\bin\\gmake" -k all 
 
gmake: Nothing to be done for 'all'.

**** Build Finished ****

**** Build of configuration Release for project Lab5 ****

"C:\\ti\\ccs1120\\ccs\\utils\\bin\\gmake" -k all 
 
gmake: Nothing to be done for 'all'.

**** Build Finished ****

**** Build of configuration Release for project Lab5 ****

"C:\\ti\\ccs1120\\ccs\\utils\\bin\\gmake" -k all 
 
Building file: "../main.c"
Invoking: ARM Compiler
"C:/ti/ccs1120/ccs/tools/compiler/ti-cgt-arm_20.2.5.LTS/bin/armcl" -mv7M4 --code_state=16 --float_support=vfplib -me -Ooff --include_path="C:/ti/ccs1120/ccs/tools/compiler/ti-cgt-arm_20.2.5.LTS/include" --include_path="C:/ti/CC3200SDK_1.3.0/cc3200-sdk/driverlib" --include_path="C:/ti/CC3200SDK_1.3.0/cc3200-sdk/inc" --include_path="C:/ti/CC3200SDK_1.3.0/cc3200-sdk/example/common" --include_path="C:/ti/CC3200SDK_1.3.0/cc3200-sdk/simplelink/" --include_path="C:/ti/CC3200SDK_1.3.0/cc3200-sdk/simplelink/source" --include_path="C:/ti/CC3200SDK_1.3.0/cc3200-sdk/simplelink/include" --include_path="C:/ti/CC3200SDK_1.3.0/cc3200-sdk/simplelink_extlib/provisioninglib" --define=ccs --define=cc3200 -g --gcc --printf_support=full --diag_warning=225 --diag_wrap=off --display_error_number --abi=eabi --preproc_with_compile --preproc_dependency="main.d_raw"  "../main.c"
"C:/ti/CC3200SDK_1.3.0/cc3200-sdk/simplelink/include/simplelink.h", line 447: warning #48-D: incompatible redefinition of macro "__CONCAT" (declared at line 183 of "C:/ti/ccs1120/ccs/tools/compiler/ti-cgt-arm_20.2.5.LTS/include/sys/cdefs.h")
"../main.c", line 1435: warning #112-D: statement is unreachable
Finished building: "../main.c"
 
Building target: "Lab5.out"
Invoking: ARM Linker
"C:/ti/ccs1120/ccs/tools/compiler/ti-cgt-arm_20.2.5.LTS/bin/armcl" -mv7M4 --code_state=16 --float_support=vfplib -me -Ooff --define=ccs --define=cc3200 -g --gcc --printf_support=full --diag_warning=225 --diag_wrap=off --display_error_number --abi=eabi -z -m"Lab5.map" --heap_size=0x00008000 --stack_size=0x00001000 -i"C:/ti/ccs1120/ccs/tools/compiler/ti-cgt-arm_20.2.5.LTS/lib" -i"C:/ti/ccs1120/ccs/tools/compiler/ti-cgt-arm_20.2.5.LTS/include" --reread_libs --diag_wrap=off --display_error_number --warn_sections --xml_link_info="Lab5_linkInfo.xml" --rom_model -o "Lab5.out" "./Adafruit_GFX.obj" "./Adafruit_OLED.obj" "./gpio_if.obj" "./main.obj" "./network_common.obj" "./pinmux.obj" "./startup_ccs.obj" "./test.obj" "./timer_if.obj" "./uart_if.obj" "../cc3200v1p32.cmd"  -llibc.a -l"C:/ti/CC3200SDK_1.3.0/cc3200-sdk/driverlib/ccs/Release/driverlib.a" -l"C:/ti/CC3200SDK_1.3.0/cc3200-sdk/simplelink/ccs/NON_OS/simplelink.a" 
<Linking>
Finished building target: "Lab5.out"
 
Bin Generation
"C:/ti/ccs1120/ccs/utils/tiobj2bin/tiobj2bin" "Lab5.out" "Lab5.bin" "C:/ti/ccs1120/ccs/tools/compiler/ti-cgt-arm_20.2.5.LTS/bin/armofd" "C:/ti/ccs1120/ccs/tools/compiler/ti-cgt-arm_20.2.5.LTS/bin/armhex" "C:/ti/ccs1120/ccs/utils/tiobj2bin/mkhex4bin"
 

**** Build Finished ****

**** Build of configuration Release for project Lab5 ****

"C:\\ti\\ccs1120\\ccs\\utils\\bin\\gmake" -k all 
 
Building file: "../main.c"
Invoking: ARM Compiler
"C:/ti/ccs1120/ccs/tools/compiler/ti-cgt-arm_20.2.5.LTS/bin/armcl" -mv7M4 --code_state=16 --float_support=vfplib -me -Ooff --include_path="C:/ti/ccs1120/ccs/tools/compiler/ti-cgt-arm_20.2.5.LTS/include" --include_path="C:/ti/CC3200SDK_1.3.0/cc3200-sdk/driverlib" --include_path="C:/ti/CC3200SDK_1.3.0/cc3200-sdk/inc" --include_path="C:/ti/CC3200SDK_1.3.0/cc3200-sdk/example/common" --include_path="C:/ti/CC3200SDK_1.3.0/cc3200-sdk/simplelink/" --include_path="C:/ti/CC3200SDK_1.3.0/cc3200-sdk/simplelink/source" --include_path="C:/ti/CC3200SDK_1.3.0/cc3200-sdk/simplelink/include" --include_path="C:/ti/CC3200SDK_1.3.0/cc3200-sdk/simplelink_extlib/provisioninglib" --define=ccs --define=cc3200 -g --gcc --printf_support=full --diag_warning=225 --diag_wrap=off --display_error_number --abi=eabi --preproc_with_compile --preproc_dependency="main.d_raw"  "../main.c"
"C:/ti/CC3200SDK_1.3.0/cc3200-sdk/simplelink/include/simplelink.h", line 447: warning #48-D: incompatible redefinition of macro "__CONCAT" (declared at line 183 of "C:/ti/ccs1120/ccs/tools/compiler/ti-cgt-arm_20.2.5.LTS/include/sys/cdefs.h")
"../main.c", line 1435: warning #112-D: statement is unreachable
Finished building: "../main.c"
 
Building target: "Lab5.out"
Invoking: ARM Linker
"C:/ti/ccs1120/ccs/tools/compiler/ti-cgt-arm_20.2.5.LTS/bin/armcl" -mv7M4 --code_state=16 --float_support=vfplib -me -Ooff --define=ccs --define=cc3200 -g --gcc --printf_support=full --diag_warning=225 --diag_wrap=off --display_error_number --abi=eabi -z -m"Lab5.map" --heap_size=0x00008000 --stack_size=0x00001000 -i"C:/ti/ccs1120/ccs/tools/compiler/ti-cgt-arm_20.2.5.LTS/lib" -i"C:/ti/ccs1120/ccs/tools/compiler/ti-cgt-arm_20.2.5.LTS/include" --reread_libs --diag_wrap=off --display_error_number --warn_sections --xml_link_info="Lab5_linkInfo.xml" --rom_model -o "Lab5.out" "./Adafruit_GFX.obj" "./Adafruit_OLED.obj" "./gpio_if.obj" "./main.obj" "./network_common.obj" "./pinmux.obj" "./startup_ccs.obj" "./test.obj" "./timer_if.obj" "./uart_if.obj" "../cc3200v1p32.cmd"  -llibc.a -l"C:/ti/CC3200SDK_1.3.0/cc3200-sdk/driverlib/ccs/Release/driverlib.a" -l"C:/ti/CC3200SDK_1.3.0/cc3200-sdk/simplelink/ccs/NON_OS/simplelink.a" 
<Linking>
Finished building target: "Lab5.out"
 
Bin Generation
"C:/ti/ccs1120/ccs/utils/tiobj2bin/tiobj2bin" "Lab5.out" "Lab5.bin" "C:/ti/ccs1120/ccs/tools/compiler/ti-cgt-arm_20.2.5.LTS/bin/armofd" "C:/ti/ccs1120/ccs/tools/compiler/ti-cgt-arm_20.2.5.LTS/bin/armhex" "C:/ti/ccs1120/ccs/utils/tiobj2bin/mkhex4bin"
 

**** Build Finished ****

**** Build of configuration Release for project Lab5 ****

"C:\\ti\\ccs1120\\ccs\\utils\\bin\\gmake" -k all 
 
Building file: "../main.c"
Invoking: ARM Compiler
"C:/ti/ccs1120/ccs/tools/compiler/ti-cgt-arm_20.2.5.LTS/bin/armcl" -mv7M4 --code_state=16 --float_support=vfplib -me -Ooff --include_path="C:/ti/ccs1120/ccs/tools/compiler/ti-cgt-arm_20.2.5.LTS/include" --include_path="C:/ti/CC3200SDK_1.3.0/cc3200-sdk/driverlib" --include_path="C:/ti/CC3200SDK_1.3.0/cc3200-sdk/inc" --include_path="C:/ti/CC3200SDK_1.3.0/cc3200-sdk/example/common" --include_path="C:/ti/CC3200SDK_1.3.0/cc3200-sdk/simplelink/" --include_path="C:/ti/CC3200SDK_1.3.0/cc3200-sdk/simplelink/source" --include_path="C:/ti/CC3200SDK_1.3.0/cc3200-sdk/simplelink/include" --include_path="C:/ti/CC3200SDK_1.3.0/cc3200-sdk/simplelink_extlib/provisioninglib" --define=ccs --define=cc3200 -g --gcc --printf_support=full --diag_warning=225 --diag_wrap=off --display_error_number --abi=eabi --preproc_with_compile --preproc_dependency="main.d_raw"  "../main.c"
 
>> Compilation failure
subdir_rules.mk:9: recipe for target 'main.obj' failed
"C:/ti/CC3200SDK_1.3.0/cc3200-sdk/simplelink/include/simplelink.h", line 447: warning #48-D: incompatible redefinition of macro "__CONCAT" (declared at line 183 of "C:/ti/ccs1120/ccs/tools/compiler/ti-cgt-arm_20.2.5.LTS/include/sys/cdefs.h")
"../main.c", line 1392: warning #112-D: statement is unreachable
"../main.c", line 1397: error #150: variable "c_message_index" has already been initialized
"../main.c", line 1430: error #20: identifier "i" is undefined
"../main.c", line 1436: error #20: identifier "message" is undefined
3 errors detected in the compilation of "../main.c".
gmake: *** [main.obj] Error 1
gmake: Target 'all' not remade because of errors.

**** Build Finished ****

**** Build of configuration Release for project Lab5 ****

"C:\\ti\\ccs1120\\ccs\\utils\\bin\\gmake" -k all 
 
Building file: "../main.c"
Invoking: ARM Compiler
"C:/ti/ccs1120/ccs/tools/compiler/ti-cgt-arm_20.2.5.LTS/bin/armcl" -mv7M4 --code_state=16 --float_support=vfplib -me -Ooff --include_path="C:/ti/ccs1120/ccs/tools/compiler/ti-cgt-arm_20.2.5.LTS/include" --include_path="C:/ti/CC3200SDK_1.3.0/cc3200-sdk/driverlib" --include_path="C:/ti/CC3200SDK_1.3.0/cc3200-sdk/inc" --include_path="C:/ti/CC3200SDK_1.3.0/cc3200-sdk/example/common" --include_path="C:/ti/CC3200SDK_1.3.0/cc3200-sdk/simplelink/" --include_path="C:/ti/CC3200SDK_1.3.0/cc3200-sdk/simplelink/source" --include_path="C:/ti/CC3200SDK_1.3.0/cc3200-sdk/simplelink/include" --include_path="C:/ti/CC3200SDK_1.3.0/cc3200-sdk/simplelink_extlib/provisioninglib" --define=ccs --define=cc3200 -g --gcc --printf_support=full --diag_warning=225 --diag_wrap=off --display_error_number --abi=eabi --preproc_with_compile --preproc_dependency="main.d_raw"  "../main.c"
 
>> Compilation failure
subdir_rules.mk:9: recipe for target 'main.obj' failed
"C:/ti/CC3200SDK_1.3.0/cc3200-sdk/simplelink/include/simplelink.h", line 447: warning #48-D: incompatible redefinition of macro "__CONCAT" (declared at line 183 of "C:/ti/ccs1120/ccs/tools/compiler/ti-cgt-arm_20.2.5.LTS/include/sys/cdefs.h")
"../main.c", line 1392: warning #112-D: statement is unreachable
"../main.c", line 1397: error #150: variable "c_message_index" has already been initialized
"../main.c", line 1433: error #20: identifier "i" is undefined
2 errors detected in the compilation of "../main.c".
gmake: *** [main.obj] Error 1
gmake: Target 'all' not remade because of errors.

**** Build Finished ****

**** Build of configuration Release for project Lab5 ****

"C:\\ti\\ccs1120\\ccs\\utils\\bin\\gmake" -k all 
 
Building file: "../main.c"
Invoking: ARM Compiler
"C:/ti/ccs1120/ccs/tools/compiler/ti-cgt-arm_20.2.5.LTS/bin/armcl" -mv7M4 --code_state=16 --float_support=vfplib -me -Ooff --include_path="C:/ti/ccs1120/ccs/tools/compiler/ti-cgt-arm_20.2.5.LTS/include" --include_path="C:/ti/CC3200SDK_1.3.0/cc3200-sdk/driverlib" --include_path="C:/ti/CC3200SDK_1.3.0/cc3200-sdk/inc" --include_path="C:/ti/CC3200SDK_1.3.0/cc3200-sdk/example/common" --include_path="C:/ti/CC3200SDK_1.3.0/cc3200-sdk/simplelink/" --include_path="C:/ti/CC3200SDK_1.3.0/cc3200-sdk/simplelink/source" --include_path="C:/ti/CC3200SDK_1.3.0/cc3200-sdk/simplelink/include" --include_path="C:/ti/CC3200SDK_1.3.0/cc3200-sdk/simplelink_extlib/provisioninglib" --define=ccs --define=cc3200 -g --gcc --printf_support=full --diag_warning=225 --diag_wrap=off --display_error_number --abi=eabi --preproc_with_compile --preproc_dependency="main.d_raw"  "../main.c"
 
>> Compilation failure
subdir_rules.mk:9: recipe for target 'main.obj' failed
"C:/ti/CC3200SDK_1.3.0/cc3200-sdk/simplelink/include/simplelink.h", line 447: warning #48-D: incompatible redefinition of macro "__CONCAT" (declared at line 183 of "C:/ti/ccs1120/ccs/tools/compiler/ti-cgt-arm_20.2.5.LTS/include/sys/cdefs.h")
"../main.c", line 1392: warning #112-D: statement is unreachable
"../main.c", line 1397: error #150: variable "c_message_index" has already been initialized
"../main.c", line 1437: warning #169-D: argument of type "char" is incompatible with parameter of type "const char *__restrict__"
1 error detected in the compilation of "../main.c".
gmake: *** [main.obj] Error 1
gmake: Target 'all' not remade because of errors.

**** Build Finished ****

**** Build of configuration Release for project Lab5 ****

"C:\\ti\\ccs1120\\ccs\\utils\\bin\\gmake" -k all 
 
Building file: "../main.c"
Invoking: ARM Compiler
"C:/ti/ccs1120/ccs/tools/compiler/ti-cgt-arm_20.2.5.LTS/bin/armcl" -mv7M4 --code_state=16 --float_support=vfplib -me -Ooff --include_path="C:/ti/ccs1120/ccs/tools/compiler/ti-cgt-arm_20.2.5.LTS/include" --include_path="C:/ti/CC3200SDK_1.3.0/cc3200-sdk/driverlib" --include_path="C:/ti/CC3200SDK_1.3.0/cc3200-sdk/inc" --include_path="C:/ti/CC3200SDK_1.3.0/cc3200-sdk/example/common" --include_path="C:/ti/CC3200SDK_1.3.0/cc3200-sdk/simplelink/" --include_path="C:/ti/CC3200SDK_1.3.0/cc3200-sdk/simplelink/source" --include_path="C:/ti/CC3200SDK_1.3.0/cc3200-sdk/simplelink/include" --include_path="C:/ti/CC3200SDK_1.3.0/cc3200-sdk/simplelink_extlib/provisioninglib" --define=ccs --define=cc3200 -g --gcc --printf_support=full --diag_warning=225 --diag_wrap=off --display_error_number --abi=eabi --preproc_with_compile --preproc_dependency="main.d_raw"  "../main.c"
"C:/ti/CC3200SDK_1.3.0/cc3200-sdk/simplelink/include/simplelink.h", line 447: warning #48-D: incompatible redefinition of macro "__CONCAT" (declared at line 183 of "C:/ti/ccs1120/ccs/tools/compiler/ti-cgt-arm_20.2.5.LTS/include/sys/cdefs.h")
"../main.c", line 1392: warning #112-D: statement is unreachable
"../main.c", line 1434: warning #169-D: argument of type "char" is incompatible with parameter of type "const char *__restrict__"
Finished building: "../main.c"
 
Building target: "Lab5.out"
Invoking: ARM Linker
"C:/ti/ccs1120/ccs/tools/compiler/ti-cgt-arm_20.2.5.LTS/bin/armcl" -mv7M4 --code_state=16 --float_support=vfplib -me -Ooff --define=ccs --define=cc3200 -g --gcc --printf_support=full --diag_warning=225 --diag_wrap=off --display_error_number --abi=eabi -z -m"Lab5.map" --heap_size=0x00008000 --stack_size=0x00001000 -i"C:/ti/ccs1120/ccs/tools/compiler/ti-cgt-arm_20.2.5.LTS/lib" -i"C:/ti/ccs1120/ccs/tools/compiler/ti-cgt-arm_20.2.5.LTS/include" --reread_libs --diag_wrap=off --display_error_number --warn_sections --xml_link_info="Lab5_linkInfo.xml" --rom_model -o "Lab5.out" "./Adafruit_GFX.obj" "./Adafruit_OLED.obj" "./gpio_if.obj" "./main.obj" "./network_common.obj" "./pinmux.obj" "./startup_ccs.obj" "./test.obj" "./timer_if.obj" "./uart_if.obj" "../cc3200v1p32.cmd"  -llibc.a -l"C:/ti/CC3200SDK_1.3.0/cc3200-sdk/driverlib/ccs/Release/driverlib.a" -l"C:/ti/CC3200SDK_1.3.0/cc3200-sdk/simplelink/ccs/NON_OS/simplelink.a" 
<Linking>
Finished building target: "Lab5.out"
 
Bin Generation
"C:/ti/ccs1120/ccs/utils/tiobj2bin/tiobj2bin" "Lab5.out" "Lab5.bin" "C:/ti/ccs1120/ccs/tools/compiler/ti-cgt-arm_20.2.5.LTS/bin/armofd" "C:/ti/ccs1120/ccs/tools/compiler/ti-cgt-arm_20.2.5.LTS/bin/armhex" "C:/ti/ccs1120/ccs/utils/tiobj2bin/mkhex4bin"
 

**** Build Finished ****

**** Build of configuration Release for project Lab5 ****

"C:\\ti\\ccs1120\\ccs\\utils\\bin\\gmake" -k all 
 
Building file: "../main.c"
Invoking: ARM Compiler
"C:/ti/ccs1120/ccs/tools/compiler/ti-cgt-arm_20.2.5.LTS/bin/armcl" -mv7M4 --code_state=16 --float_support=vfplib -me -Ooff --include_path="C:/ti/ccs1120/ccs/tools/compiler/ti-cgt-arm_20.2.5.LTS/include" --include_path="C:/ti/CC3200SDK_1.3.0/cc3200-sdk/driverlib" --include_path="C:/ti/CC3200SDK_1.3.0/cc3200-sdk/inc" --include_path="C:/ti/CC3200SDK_1.3.0/cc3200-sdk/example/common" --include_path="C:/ti/CC3200SDK_1.3.0/cc3200-sdk/simplelink/" --include_path="C:/ti/CC3200SDK_1.3.0/cc3200-sdk/simplelink/source" --include_path="C:/ti/CC3200SDK_1.3.0/cc3200-sdk/simplelink/include" --include_path="C:/ti/CC3200SDK_1.3.0/cc3200-sdk/simplelink_extlib/provisioninglib" --define=ccs --define=cc3200 -g --gcc --printf_support=full --diag_warning=225 --diag_wrap=off --display_error_number --abi=eabi --preproc_with_compile --preproc_dependency="main.d_raw"  "../main.c"
"C:/ti/CC3200SDK_1.3.0/cc3200-sdk/simplelink/include/simplelink.h", line 447: warning #48-D: incompatible redefinition of macro "__CONCAT" (declared at line 183 of "C:/ti/ccs1120/ccs/tools/compiler/ti-cgt-arm_20.2.5.LTS/include/sys/cdefs.h")
"../main.c", line 1392: warning #112-D: statement is unreachable
Finished building: "../main.c"
 
Building target: "Lab5.out"
Invoking: ARM Linker
"C:/ti/ccs1120/ccs/tools/compiler/ti-cgt-arm_20.2.5.LTS/bin/armcl" -mv7M4 --code_state=16 --float_support=vfplib -me -Ooff --define=ccs --define=cc3200 -g --gcc --printf_support=full --diag_warning=225 --diag_wrap=off --display_error_number --abi=eabi -z -m"Lab5.map" --heap_size=0x00008000 --stack_size=0x00001000 -i"C:/ti/ccs1120/ccs/tools/compiler/ti-cgt-arm_20.2.5.LTS/lib" -i"C:/ti/ccs1120/ccs/tools/compiler/ti-cgt-arm_20.2.5.LTS/include" --reread_libs --diag_wrap=off --display_error_number --warn_sections --xml_link_info="Lab5_linkInfo.xml" --rom_model -o "Lab5.out" "./Adafruit_GFX.obj" "./Adafruit_OLED.obj" "./gpio_if.obj" "./main.obj" "./network_common.obj" "./pinmux.obj" "./startup_ccs.obj" "./test.obj" "./timer_if.obj" "./uart_if.obj" "../cc3200v1p32.cmd"  -llibc.a -l"C:/ti/CC3200SDK_1.3.0/cc3200-sdk/driverlib/ccs/Release/driverlib.a" -l"C:/ti/CC3200SDK_1.3.0/cc3200-sdk/simplelink/ccs/NON_OS/simplelink.a" 
<Linking>
Finished building target: "Lab5.out"
 
Bin Generation
"C:/ti/ccs1120/ccs/utils/tiobj2bin/tiobj2bin" "Lab5.out" "Lab5.bin" "C:/ti/ccs1120/ccs/tools/compiler/ti-cgt-arm_20.2.5.LTS/bin/armofd" "C:/ti/ccs1120/ccs/tools/compiler/ti-cgt-arm_20.2.5.LTS/bin/armhex" "C:/ti/ccs1120/ccs/utils/tiobj2bin/mkhex4bin"
 

**** Build Finished ****

**** Build of configuration Release for project Lab5 ****

"C:\\ti\\ccs1120\\ccs\\utils\\bin\\gmake" -k all 
 
gmake: Nothing to be done for 'all'.

**** Build Finished ****

**** Build of configuration Release for project Lab5 ****

"C:\\ti\\ccs1120\\ccs\\utils\\bin\\gmake" -k all 
 
Building file: "../main.c"
Invoking: ARM Compiler
"C:/ti/ccs1120/ccs/tools/compiler/ti-cgt-arm_20.2.5.LTS/bin/armcl" -mv7M4 --code_state=16 --float_support=vfplib -me -Ooff --include_path="C:/ti/ccs1120/ccs/tools/compiler/ti-cgt-arm_20.2.5.LTS/include" --include_path="C:/ti/CC3200SDK_1.3.0/cc3200-sdk/driverlib" --include_path="C:/ti/CC3200SDK_1.3.0/cc3200-sdk/inc" --include_path="C:/ti/CC3200SDK_1.3.0/cc3200-sdk/example/common" --include_path="C:/ti/CC3200SDK_1.3.0/cc3200-sdk/simplelink/" --include_path="C:/ti/CC3200SDK_1.3.0/cc3200-sdk/simplelink/source" --include_path="C:/ti/CC3200SDK_1.3.0/cc3200-sdk/simplelink/include" --include_path="C:/ti/CC3200SDK_1.3.0/cc3200-sdk/simplelink_extlib/provisioninglib" --define=ccs --define=cc3200 -g --gcc --printf_support=full --diag_warning=225 --diag_wrap=off --display_error_number --abi=eabi --preproc_with_compile --preproc_dependency="main.d_raw"  "../main.c"
"C:/ti/CC3200SDK_1.3.0/cc3200-sdk/simplelink/include/simplelink.h", line 447: warning #48-D: incompatible redefinition of macro "__CONCAT" (declared at line 183 of "C:/ti/ccs1120/ccs/tools/compiler/ti-cgt-arm_20.2.5.LTS/include/sys/cdefs.h")
"../main.c", line 1392: warning #112-D: statement is unreachable
Finished building: "../main.c"
 
Building target: "Lab5.out"
Invoking: ARM Linker
"C:/ti/ccs1120/ccs/tools/compiler/ti-cgt-arm_20.2.5.LTS/bin/armcl" -mv7M4 --code_state=16 --float_support=vfplib -me -Ooff --define=ccs --define=cc3200 -g --gcc --printf_support=full --diag_warning=225 --diag_wrap=off --display_error_number --abi=eabi -z -m"Lab5.map" --heap_size=0x00008000 --stack_size=0x00001000 -i"C:/ti/ccs1120/ccs/tools/compiler/ti-cgt-arm_20.2.5.LTS/lib" -i"C:/ti/ccs1120/ccs/tools/compiler/ti-cgt-arm_20.2.5.LTS/include" --reread_libs --diag_wrap=off --display_error_number --warn_sections --xml_link_info="Lab5_linkInfo.xml" --rom_model -o "Lab5.out" "./Adafruit_GFX.obj" "./Adafruit_OLED.obj" "./gpio_if.obj" "./main.obj" "./network_common.obj" "./pinmux.obj" "./startup_ccs.obj" "./test.obj" "./timer_if.obj" "./uart_if.obj" "../cc3200v1p32.cmd"  -llibc.a -l"C:/ti/CC3200SDK_1.3.0/cc3200-sdk/driverlib/ccs/Release/driverlib.a" -l"C:/ti/CC3200SDK_1.3.0/cc3200-sdk/simplelink/ccs/NON_OS/simplelink.a" 
<Linking>
Finished building target: "Lab5.out"
 
Bin Generation
"C:/ti/ccs1120/ccs/utils/tiobj2bin/tiobj2bin" "Lab5.out" "Lab5.bin" "C:/ti/ccs1120/ccs/tools/compiler/ti-cgt-arm_20.2.5.LTS/bin/armofd" "C:/ti/ccs1120/ccs/tools/compiler/ti-cgt-arm_20.2.5.LTS/bin/armhex" "C:/ti/ccs1120/ccs/utils/tiobj2bin/mkhex4bin"
 

**** Build Finished ****

**** Build of configuration Release for project Lab5 ****

"C:\\ti\\ccs1120\\ccs\\utils\\bin\\gmake" -k all 
 
gmake: Nothing to be done for 'all'.

**** Build Finished ****

**** Build of configuration Release for project Lab5 ****

"C:\\ti\\ccs1120\\ccs\\utils\\bin\\gmake" -k all 
 
Building file: "../main.c"
Invoking: ARM Compiler
"C:/ti/ccs1120/ccs/tools/compiler/ti-cgt-arm_20.2.5.LTS/bin/armcl" -mv7M4 --code_state=16 --float_support=vfplib -me -Ooff --include_path="C:/ti/ccs1120/ccs/tools/compiler/ti-cgt-arm_20.2.5.LTS/include" --include_path="C:/ti/CC3200SDK_1.3.0/cc3200-sdk/driverlib" --include_path="C:/ti/CC3200SDK_1.3.0/cc3200-sdk/inc" --include_path="C:/ti/CC3200SDK_1.3.0/cc3200-sdk/example/common" --include_path="C:/ti/CC3200SDK_1.3.0/cc3200-sdk/simplelink/" --include_path="C:/ti/CC3200SDK_1.3.0/cc3200-sdk/simplelink/source" --include_path="C:/ti/CC3200SDK_1.3.0/cc3200-sdk/simplelink/include" --include_path="C:/ti/CC3200SDK_1.3.0/cc3200-sdk/simplelink_extlib/provisioninglib" --define=ccs --define=cc3200 -g --gcc --printf_support=full --diag_warning=225 --diag_wrap=off --display_error_number --abi=eabi --preproc_with_compile --preproc_dependency="main.d_raw"  "../main.c"
"C:/ti/CC3200SDK_1.3.0/cc3200-sdk/simplelink/include/simplelink.h", line 447: warning #48-D: incompatible redefinition of macro "__CONCAT" (declared at line 183 of "C:/ti/ccs1120/ccs/tools/compiler/ti-cgt-arm_20.2.5.LTS/include/sys/cdefs.h")
"../main.c", line 1392: warning #112-D: statement is unreachable
"../main.c", line 1434: warning #522-D: initialization with "{...}" expected for aggregate object
Finished building: "../main.c"
 
Building target: "Lab5.out"
Invoking: ARM Linker
"C:/ti/ccs1120/ccs/tools/compiler/ti-cgt-arm_20.2.5.LTS/bin/armcl" -mv7M4 --code_state=16 --float_support=vfplib -me -Ooff --define=ccs --define=cc3200 -g --gcc --printf_support=full --diag_warning=225 --diag_wrap=off --display_error_number --abi=eabi -z -m"Lab5.map" --heap_size=0x00008000 --stack_size=0x00001000 -i"C:/ti/ccs1120/ccs/tools/compiler/ti-cgt-arm_20.2.5.LTS/lib" -i"C:/ti/ccs1120/ccs/tools/compiler/ti-cgt-arm_20.2.5.LTS/include" --reread_libs --diag_wrap=off --display_error_number --warn_sections --xml_link_info="Lab5_linkInfo.xml" --rom_model -o "Lab5.out" "./Adafruit_GFX.obj" "./Adafruit_OLED.obj" "./gpio_if.obj" "./main.obj" "./network_common.obj" "./pinmux.obj" "./startup_ccs.obj" "./test.obj" "./timer_if.obj" "./uart_if.obj" "../cc3200v1p32.cmd"  -llibc.a -l"C:/ti/CC3200SDK_1.3.0/cc3200-sdk/driverlib/ccs/Release/driverlib.a" -l"C:/ti/CC3200SDK_1.3.0/cc3200-sdk/simplelink/ccs/NON_OS/simplelink.a" 
<Linking>
Finished building target: "Lab5.out"
 
Bin Generation
"C:/ti/ccs1120/ccs/utils/tiobj2bin/tiobj2bin" "Lab5.out" "Lab5.bin" "C:/ti/ccs1120/ccs/tools/compiler/ti-cgt-arm_20.2.5.LTS/bin/armofd" "C:/ti/ccs1120/ccs/tools/compiler/ti-cgt-arm_20.2.5.LTS/bin/armhex" "C:/ti/ccs1120/ccs/utils/tiobj2bin/mkhex4bin"
 

**** Build Finished ****

**** Build of configuration Release for project Lab5 ****

"C:\\ti\\ccs1120\\ccs\\utils\\bin\\gmake" -k all 
 
Building file: "../main.c"
Invoking: ARM Compiler
"C:/ti/ccs1120/ccs/tools/compiler/ti-cgt-arm_20.2.5.LTS/bin/armcl" -mv7M4 --code_state=16 --float_support=vfplib -me -Ooff --include_path="C:/ti/ccs1120/ccs/tools/compiler/ti-cgt-arm_20.2.5.LTS/include" --include_path="C:/ti/CC3200SDK_1.3.0/cc3200-sdk/driverlib" --include_path="C:/ti/CC3200SDK_1.3.0/cc3200-sdk/inc" --include_path="C:/ti/CC3200SDK_1.3.0/cc3200-sdk/example/common" --include_path="C:/ti/CC3200SDK_1.3.0/cc3200-sdk/simplelink/" --include_path="C:/ti/CC3200SDK_1.3.0/cc3200-sdk/simplelink/source" --include_path="C:/ti/CC3200SDK_1.3.0/cc3200-sdk/simplelink/include" --include_path="C:/ti/CC3200SDK_1.3.0/cc3200-sdk/simplelink_extlib/provisioninglib" --define=ccs --define=cc3200 -g --gcc --printf_support=full --diag_warning=225 --diag_wrap=off --display_error_number --abi=eabi --preproc_with_compile --preproc_dependency="main.d_raw"  "../main.c"
"C:/ti/CC3200SDK_1.3.0/cc3200-sdk/simplelink/include/simplelink.h", line 447: warning #48-D: incompatible redefinition of macro "__CONCAT" (declared at line 183 of "C:/ti/ccs1120/ccs/tools/compiler/ti-cgt-arm_20.2.5.LTS/include/sys/cdefs.h")
"../main.c", line 1433: warning #522-D: initialization with "{...}" expected for aggregate object
Finished building: "../main.c"
 
Building target: "Lab5.out"
Invoking: ARM Linker
"C:/ti/ccs1120/ccs/tools/compiler/ti-cgt-arm_20.2.5.LTS/bin/armcl" -mv7M4 --code_state=16 --float_support=vfplib -me -Ooff --define=ccs --define=cc3200 -g --gcc --printf_support=full --diag_warning=225 --diag_wrap=off --display_error_number --abi=eabi -z -m"Lab5.map" --heap_size=0x00008000 --stack_size=0x00001000 -i"C:/ti/ccs1120/ccs/tools/compiler/ti-cgt-arm_20.2.5.LTS/lib" -i"C:/ti/ccs1120/ccs/tools/compiler/ti-cgt-arm_20.2.5.LTS/include" --reread_libs --diag_wrap=off --display_error_number --warn_sections --xml_link_info="Lab5_linkInfo.xml" --rom_model -o "Lab5.out" "./Adafruit_GFX.obj" "./Adafruit_OLED.obj" "./gpio_if.obj" "./main.obj" "./network_common.obj" "./pinmux.obj" "./startup_ccs.obj" "./test.obj" "./timer_if.obj" "./uart_if.obj" "../cc3200v1p32.cmd"  -llibc.a -l"C:/ti/CC3200SDK_1.3.0/cc3200-sdk/driverlib/ccs/Release/driverlib.a" -l"C:/ti/CC3200SDK_1.3.0/cc3200-sdk/simplelink/ccs/NON_OS/simplelink.a" 
<Linking>
Finished building target: "Lab5.out"
 
Bin Generation
"C:/ti/ccs1120/ccs/utils/tiobj2bin/tiobj2bin" "Lab5.out" "Lab5.bin" "C:/ti/ccs1120/ccs/tools/compiler/ti-cgt-arm_20.2.5.LTS/bin/armofd" "C:/ti/ccs1120/ccs/tools/compiler/ti-cgt-arm_20.2.5.LTS/bin/armhex" "C:/ti/ccs1120/ccs/utils/tiobj2bin/mkhex4bin"
 

**** Build Finished ****

**** Build of configuration Release for project Lab5 ****

"C:\\ti\\ccs1120\\ccs\\utils\\bin\\gmake" -k all 
 
Building file: "../main.c"
Invoking: ARM Compiler
"C:/ti/ccs1120/ccs/tools/compiler/ti-cgt-arm_20.2.5.LTS/bin/armcl" -mv7M4 --code_state=16 --float_support=vfplib -me -Ooff --include_path="C:/ti/ccs1120/ccs/tools/compiler/ti-cgt-arm_20.2.5.LTS/include" --include_path="C:/ti/CC3200SDK_1.3.0/cc3200-sdk/driverlib" --include_path="C:/ti/CC3200SDK_1.3.0/cc3200-sdk/inc" --include_path="C:/ti/CC3200SDK_1.3.0/cc3200-sdk/example/common" --include_path="C:/ti/CC3200SDK_1.3.0/cc3200-sdk/simplelink/" --include_path="C:/ti/CC3200SDK_1.3.0/cc3200-sdk/simplelink/source" --include_path="C:/ti/CC3200SDK_1.3.0/cc3200-sdk/simplelink/include" --include_path="C:/ti/CC3200SDK_1.3.0/cc3200-sdk/simplelink_extlib/provisioninglib" --define=ccs --define=cc3200 -g --gcc --printf_support=full --diag_warning=225 --diag_wrap=off --display_error_number --abi=eabi --preproc_with_compile --preproc_dependency="main.d_raw"  "../main.c"
"C:/ti/CC3200SDK_1.3.0/cc3200-sdk/simplelink/include/simplelink.h", line 447: warning #48-D: incompatible redefinition of macro "__CONCAT" (declared at line 183 of "C:/ti/ccs1120/ccs/tools/compiler/ti-cgt-arm_20.2.5.LTS/include/sys/cdefs.h")
"../main.c", line 1431: warning #522-D: initialization with "{...}" expected for aggregate object
Finished building: "../main.c"
 
Building target: "Lab5.out"
Invoking: ARM Linker
"C:/ti/ccs1120/ccs/tools/compiler/ti-cgt-arm_20.2.5.LTS/bin/armcl" -mv7M4 --code_state=16 --float_support=vfplib -me -Ooff --define=ccs --define=cc3200 -g --gcc --printf_support=full --diag_warning=225 --diag_wrap=off --display_error_number --abi=eabi -z -m"Lab5.map" --heap_size=0x00008000 --stack_size=0x00001000 -i"C:/ti/ccs1120/ccs/tools/compiler/ti-cgt-arm_20.2.5.LTS/lib" -i"C:/ti/ccs1120/ccs/tools/compiler/ti-cgt-arm_20.2.5.LTS/include" --reread_libs --diag_wrap=off --display_error_number --warn_sections --xml_link_info="Lab5_linkInfo.xml" --rom_model -o "Lab5.out" "./Adafruit_GFX.obj" "./Adafruit_OLED.obj" "./gpio_if.obj" "./main.obj" "./network_common.obj" "./pinmux.obj" "./startup_ccs.obj" "./test.obj" "./timer_if.obj" "./uart_if.obj" "../cc3200v1p32.cmd"  -llibc.a -l"C:/ti/CC3200SDK_1.3.0/cc3200-sdk/driverlib/ccs/Release/driverlib.a" -l"C:/ti/CC3200SDK_1.3.0/cc3200-sdk/simplelink/ccs/NON_OS/simplelink.a" 
<Linking>
Finished building target: "Lab5.out"
 
Bin Generation
"C:/ti/ccs1120/ccs/utils/tiobj2bin/tiobj2bin" "Lab5.out" "Lab5.bin" "C:/ti/ccs1120/ccs/tools/compiler/ti-cgt-arm_20.2.5.LTS/bin/armofd" "C:/ti/ccs1120/ccs/tools/compiler/ti-cgt-arm_20.2.5.LTS/bin/armhex" "C:/ti/ccs1120/ccs/utils/tiobj2bin/mkhex4bin"
 

**** Build Finished ****

**** Build of configuration Release for project Lab5 ****

"C:\\ti\\ccs1120\\ccs\\utils\\bin\\gmake" -k all 
 
gmake: Nothing to be done for 'all'.

**** Build Finished ****

**** Build of configuration Release for project Lab5 ****

"C:\\ti\\ccs1120\\ccs\\utils\\bin\\gmake" -k all 
 
gmake: Nothing to be done for 'all'.

**** Build Finished ****

**** Build of configuration Release for project Lab5 ****

"C:\\ti\\ccs1120\\ccs\\utils\\bin\\gmake" -k all 
 
gmake: Nothing to be done for 'all'.

**** Build Finished ****

**** Build of configuration Release for project Lab5 ****

"C:\\ti\\ccs1120\\ccs\\utils\\bin\\gmake" -k all 
 
Building file: "../main.c"
Invoking: ARM Compiler
"C:/ti/ccs1120/ccs/tools/compiler/ti-cgt-arm_20.2.5.LTS/bin/armcl" -mv7M4 --code_state=16 --float_support=vfplib -me -Ooff --include_path="C:/ti/ccs1120/ccs/tools/compiler/ti-cgt-arm_20.2.5.LTS/include" --include_path="C:/ti/CC3200SDK_1.3.0/cc3200-sdk/driverlib" --include_path="C:/ti/CC3200SDK_1.3.0/cc3200-sdk/inc" --include_path="C:/ti/CC3200SDK_1.3.0/cc3200-sdk/example/common" --include_path="C:/ti/CC3200SDK_1.3.0/cc3200-sdk/simplelink/" --include_path="C:/ti/CC3200SDK_1.3.0/cc3200-sdk/simplelink/source" --include_path="C:/ti/CC3200SDK_1.3.0/cc3200-sdk/simplelink/include" --include_path="C:/ti/CC3200SDK_1.3.0/cc3200-sdk/simplelink_extlib/provisioninglib" --define=ccs --define=cc3200 -g --gcc --printf_support=full --diag_warning=225 --diag_wrap=off --display_error_number --abi=eabi --preproc_with_compile --preproc_dependency="main.d_raw"  "../main.c"
"C:/ti/CC3200SDK_1.3.0/cc3200-sdk/simplelink/include/simplelink.h", line 447: warning #48-D: incompatible redefinition of macro "__CONCAT" (declared at line 183 of "C:/ti/ccs1120/ccs/tools/compiler/ti-cgt-arm_20.2.5.LTS/include/sys/cdefs.h")
"../main.c", line 1478: warning #522-D: initialization with "{...}" expected for aggregate object
Finished building: "../main.c"
 
Building target: "Lab5.out"
Invoking: ARM Linker
"C:/ti/ccs1120/ccs/tools/compiler/ti-cgt-arm_20.2.5.LTS/bin/armcl" -mv7M4 --code_state=16 --float_support=vfplib -me -Ooff --define=ccs --define=cc3200 -g --gcc --printf_support=full --diag_warning=225 --diag_wrap=off --display_error_number --abi=eabi -z -m"Lab5.map" --heap_size=0x00008000 --stack_size=0x00001000 -i"C:/ti/ccs1120/ccs/tools/compiler/ti-cgt-arm_20.2.5.LTS/lib" -i"C:/ti/ccs1120/ccs/tools/compiler/ti-cgt-arm_20.2.5.LTS/include" --reread_libs --diag_wrap=off --display_error_number --warn_sections --xml_link_info="Lab5_linkInfo.xml" --rom_model -o "Lab5.out" "./Adafruit_GFX.obj" "./Adafruit_OLED.obj" "./gpio_if.obj" "./main.obj" "./network_common.obj" "./pinmux.obj" "./startup_ccs.obj" "./test.obj" "./timer_if.obj" "./uart_if.obj" "../cc3200v1p32.cmd"  -llibc.a -l"C:/ti/CC3200SDK_1.3.0/cc3200-sdk/driverlib/ccs/Release/driverlib.a" -l"C:/ti/CC3200SDK_1.3.0/cc3200-sdk/simplelink/ccs/NON_OS/simplelink.a" 
<Linking>
Finished building target: "Lab5.out"
 
Bin Generation
"C:/ti/ccs1120/ccs/utils/tiobj2bin/tiobj2bin" "Lab5.out" "Lab5.bin" "C:/ti/ccs1120/ccs/tools/compiler/ti-cgt-arm_20.2.5.LTS/bin/armofd" "C:/ti/ccs1120/ccs/tools/compiler/ti-cgt-arm_20.2.5.LTS/bin/armhex" "C:/ti/ccs1120/ccs/utils/tiobj2bin/mkhex4bin"
 

**** Build Finished ****

**** Build of configuration Release for project Lab5 ****

"C:\\ti\\ccs1120\\ccs\\utils\\bin\\gmake" -k all 
 
gmake: Nothing to be done for 'all'.

**** Build Finished ****

**** Build of configuration Release for project Lab5 ****

"C:\\ti\\ccs1120\\ccs\\utils\\bin\\gmake" -k all 
 
gmake: Nothing to be done for 'all'.

**** Build Finished ****

**** Build of configuration Release for project Lab5 ****

"C:\\ti\\ccs1120\\ccs\\utils\\bin\\gmake" -k all 
 
Building file: "../main.c"
Invoking: ARM Compiler
"C:/ti/ccs1120/ccs/tools/compiler/ti-cgt-arm_20.2.5.LTS/bin/armcl" -mv7M4 --code_state=16 --float_support=vfplib -me -Ooff --include_path="C:/ti/ccs1120/ccs/tools/compiler/ti-cgt-arm_20.2.5.LTS/include" --include_path="C:/ti/CC3200SDK_1.3.0/cc3200-sdk/driverlib" --include_path="C:/ti/CC3200SDK_1.3.0/cc3200-sdk/inc" --include_path="C:/ti/CC3200SDK_1.3.0/cc3200-sdk/example/common" --include_path="C:/ti/CC3200SDK_1.3.0/cc3200-sdk/simplelink/" --include_path="C:/ti/CC3200SDK_1.3.0/cc3200-sdk/simplelink/source" --include_path="C:/ti/CC3200SDK_1.3.0/cc3200-sdk/simplelink/include" --include_path="C:/ti/CC3200SDK_1.3.0/cc3200-sdk/simplelink_extlib/provisioninglib" --define=ccs --define=cc3200 -g --gcc --printf_support=full --diag_warning=225 --diag_wrap=off --display_error_number --abi=eabi --preproc_with_compile --preproc_dependency="main.d_raw"  "../main.c"
"C:/ti/CC3200SDK_1.3.0/cc3200-sdk/simplelink/include/simplelink.h", line 447: warning #48-D: incompatible redefinition of macro "__CONCAT" (declared at line 183 of "C:/ti/ccs1120/ccs/tools/compiler/ti-cgt-arm_20.2.5.LTS/include/sys/cdefs.h")
"../main.c", line 1479: warning #522-D: initialization with "{...}" expected for aggregate object
Finished building: "../main.c"
 
Building target: "Lab5.out"
Invoking: ARM Linker
"C:/ti/ccs1120/ccs/tools/compiler/ti-cgt-arm_20.2.5.LTS/bin/armcl" -mv7M4 --code_state=16 --float_support=vfplib -me -Ooff --define=ccs --define=cc3200 -g --gcc --printf_support=full --diag_warning=225 --diag_wrap=off --display_error_number --abi=eabi -z -m"Lab5.map" --heap_size=0x00008000 --stack_size=0x00001000 -i"C:/ti/ccs1120/ccs/tools/compiler/ti-cgt-arm_20.2.5.LTS/lib" -i"C:/ti/ccs1120/ccs/tools/compiler/ti-cgt-arm_20.2.5.LTS/include" --reread_libs --diag_wrap=off --display_error_number --warn_sections --xml_link_info="Lab5_linkInfo.xml" --rom_model -o "Lab5.out" "./Adafruit_GFX.obj" "./Adafruit_OLED.obj" "./gpio_if.obj" "./main.obj" "./network_common.obj" "./pinmux.obj" "./startup_ccs.obj" "./test.obj" "./timer_if.obj" "./uart_if.obj" "../cc3200v1p32.cmd"  -llibc.a -l"C:/ti/CC3200SDK_1.3.0/cc3200-sdk/driverlib/ccs/Release/driverlib.a" -l"C:/ti/CC3200SDK_1.3.0/cc3200-sdk/simplelink/ccs/NON_OS/simplelink.a" 
<Linking>
Finished building target: "Lab5.out"
 
Bin Generation
"C:/ti/ccs1120/ccs/utils/tiobj2bin/tiobj2bin" "Lab5.out" "Lab5.bin" "C:/ti/ccs1120/ccs/tools/compiler/ti-cgt-arm_20.2.5.LTS/bin/armofd" "C:/ti/ccs1120/ccs/tools/compiler/ti-cgt-arm_20.2.5.LTS/bin/armhex" "C:/ti/ccs1120/ccs/utils/tiobj2bin/mkhex4bin"
 

**** Build Finished ****
